f:\documents\c++\cppprojects\visual studio 2019\technicalsketcher-allegro\technicalsketcher-allegro\x64\release\technicalsketcher-allegro.pch
f:\documents\c++\cppprojects\visual studio 2019\technicalsketcher-allegro\technicalsketcher-allegro\x64\release\vc142.pdb
f:\documents\c++\cppprojects\visual studio 2019\technicalsketcher-allegro\technicalsketcher-allegro\x64\release\pch.obj
f:\documents\c++\cppprojects\visual studio 2019\technicalsketcher-allegro\technicalsketcher-allegro\x64\release\imgui_widgets.obj
f:\documents\c++\cppprojects\visual studio 2019\technicalsketcher-allegro\technicalsketcher-allegro\x64\release\imgui_draw.obj
f:\documents\c++\cppprojects\visual studio 2019\technicalsketcher-allegro\technicalsketcher-allegro\x64\release\imgui_demo.obj
f:\documents\c++\cppprojects\visual studio 2019\technicalsketcher-allegro\technicalsketcher-allegro\x64\release\imgui.obj
f:\documents\c++\cppprojects\visual studio 2019\technicalsketcher-allegro\technicalsketcher-allegro\x64\release\imgui_impl_allegro5.obj
f:\documents\c++\cppprojects\visual studio 2019\technicalsketcher-allegro\technicalsketcher-allegro\x64\release\utils.obj
f:\documents\c++\cppprojects\visual studio 2019\technicalsketcher-allegro\technicalsketcher-allegro\x64\release\sketchfile.obj
f:\documents\c++\cppprojects\visual studio 2019\technicalsketcher-allegro\technicalsketcher-allegro\x64\release\shape.obj
f:\documents\c++\cppprojects\visual studio 2019\technicalsketcher-allegro\technicalsketcher-allegro\x64\release\math_geometry.obj
f:\documents\c++\cppprojects\visual studio 2019\technicalsketcher-allegro\technicalsketcher-allegro\x64\release\main.obj
f:\documents\c++\cppprojects\visual studio 2019\technicalsketcher-allegro\technicalsketcher-allegro\x64\release\layerlist.obj
f:\documents\c++\cppprojects\visual studio 2019\technicalsketcher-allegro\technicalsketcher-allegro\x64\release\geometry.obj
f:\documents\c++\cppprojects\visual studio 2019\technicalsketcher-allegro\technicalsketcher-allegro\x64\release\fonts.obj
f:\documents\c++\cppprojects\visual studio 2019\technicalsketcher-allegro\technicalsketcher-allegro\x64\release\application_logic.obj
f:\documents\c++\cppprojects\visual studio 2019\technicalsketcher-allegro\technicalsketcher-allegro\x64\release\application_graphic.obj
f:\documents\c++\cppprojects\visual studio 2019\technicalsketcher-allegro\technicalsketcher-allegro\x64\release\application_files.obj
f:\documents\c++\cppprojects\visual studio 2019\technicalsketcher-allegro\technicalsketcher-allegro\x64\release\application_events.obj
f:\documents\c++\cppprojects\visual studio 2019\technicalsketcher-allegro\technicalsketcher-allegro\x64\release\application.obj
f:\documents\c++\cppprojects\visual studio 2019\technicalsketcher-allegro\technicalsketcher-allegro\x64\release\allegroengine.obj
f:\documents\c++\cppprojects\visual studio 2019\technicalsketcher-allegro\x64\release\technicalsketcher-allegro.exe
f:\documents\c++\cppprojects\visual studio 2019\technicalsketcher-allegro\x64\release\technicalsketcher-allegro.pdb
f:\documents\c++\cppprojects\visual studio 2019\technicalsketcher-allegro\x64\release\technicalsketcher-allegro.ipdb
f:\documents\c++\cppprojects\visual studio 2019\technicalsketcher-allegro\x64\release\technicalsketcher-allegro.iobj
f:\documents\c++\cppprojects\visual studio 2019\technicalsketcher-allegro\technicalsketcher-allegro\x64\release\technica.9970a034.tlog\cl.command.1.tlog
f:\documents\c++\cppprojects\visual studio 2019\technicalsketcher-allegro\technicalsketcher-allegro\x64\release\technica.9970a034.tlog\cl.read.1.tlog
f:\documents\c++\cppprojects\visual studio 2019\technicalsketcher-allegro\technicalsketcher-allegro\x64\release\technica.9970a034.tlog\cl.write.1.tlog
f:\documents\c++\cppprojects\visual studio 2019\technicalsketcher-allegro\technicalsketcher-allegro\x64\release\technica.9970a034.tlog\link.command.1.tlog
f:\documents\c++\cppprojects\visual studio 2019\technicalsketcher-allegro\technicalsketcher-allegro\x64\release\technica.9970a034.tlog\link.read.1.tlog
f:\documents\c++\cppprojects\visual studio 2019\technicalsketcher-allegro\technicalsketcher-allegro\x64\release\technica.9970a034.tlog\link.write.1.tlog
f:\documents\c++\cppprojects\visual studio 2019\technicalsketcher-allegro\technicalsketcher-allegro\x64\release\technica.9970a034.tlog\technicalsketcher-allegro.write.1u.tlog
