  Application.cpp
  Layer.cpp
  LayerList.cpp
  Navigator.cpp
  SketchFile.cpp
  Generating Code...
LINK : warning LNK4217: symbol 'al_set_new_bitmap_flags' defined in 'BatteryEngine-static.lib(tls.obj)' is imported by 'Application.obj' in function '"public: bool __cdecl Battery::Texture2D::Load(class std::basic_string<char,struct std::char_traits<char>,class std::allocator<char> > const &,int)" (?Load@Texture2D@Battery@@QEAA_NAEBV?$basic_string@DU?$char_traits@D@std@@V?$allocator@D@2@@std@@H@Z)'
LINK : warning LNK4286: symbol 'al_set_new_bitmap_flags' defined in 'BatteryEngine-static.lib(tls.obj)' is imported by 'LayerList.obj'
LINK : warning LNK4286: symbol 'al_set_new_bitmap_flags' defined in 'BatteryEngine-static.lib(tls.obj)' is imported by 'SketchFile.obj'
LINK : warning LNK4217: symbol 'al_destroy_bitmap' defined in 'BatteryEngine-static.lib(bitmap.obj)' is imported by 'Application.obj' in function '"public: __cdecl Battery::Texture2D::~Texture2D(void)" (??1Texture2D@Battery@@QEAA@XZ)'
LINK : warning LNK4286: symbol 'al_destroy_bitmap' defined in 'BatteryEngine-static.lib(bitmap.obj)' is imported by 'LayerList.obj'
LINK : warning LNK4286: symbol 'al_destroy_bitmap' defined in 'BatteryEngine-static.lib(bitmap.obj)' is imported by 'Navigator.obj'
LINK : warning LNK4286: symbol 'al_destroy_bitmap' defined in 'BatteryEngine-static.lib(bitmap.obj)' is imported by 'SketchFile.obj'
LINK : warning LNK4217: symbol 'al_clone_bitmap' defined in 'BatteryEngine-static.lib(bitmap.obj)' is imported by 'Application.obj' in function '"public: __cdecl Battery::Texture2D::Texture2D(class Battery::Texture2D &)" (??0Texture2D@Battery@@QEAA@AEAV01@@Z)'
LINK : warning LNK4286: symbol 'al_clone_bitmap' defined in 'BatteryEngine-static.lib(bitmap.obj)' is imported by 'LayerList.obj'
LINK : warning LNK4286: symbol 'al_clone_bitmap' defined in 'BatteryEngine-static.lib(bitmap.obj)' is imported by 'SketchFile.obj'
LINK : warning LNK4217: symbol 'al_load_bitmap' defined in 'BatteryEngine-static.lib(bitmap_io.obj)' is imported by 'Application.obj' in function '"public: bool __cdecl Battery::Texture2D::Load(class std::basic_string<char,struct std::char_traits<char>,class std::allocator<char> > const &,int)" (?Load@Texture2D@Battery@@QEAA_NAEBV?$basic_string@DU?$char_traits@D@std@@V?$allocator@D@2@@std@@H@Z)'
LINK : warning LNK4217: symbol 'al_acknowledge_resize' defined in 'BatteryEngine-static.lib(display.obj)' is imported by 'Application.obj' in function '"public: virtual void __cdecl Battery::ImGuiLayer::OnEvent(class Battery::Event *)" (?OnEvent@ImGuiLayer@Battery@@UEAAXPEAVEvent@2@@Z)'
LINK : warning LNK4217: symbol 'al_get_bitmap_flags' defined in 'BatteryEngine-static.lib(bitmap.obj)' is imported by 'LayerList.obj' in function '"public: int __cdecl Battery::Texture2D::GetFlags(void)const " (?GetFlags@Texture2D@Battery@@QEBAHXZ)'
LINK : warning LNK4286: symbol 'al_get_bitmap_flags' defined in 'BatteryEngine-static.lib(bitmap.obj)' is imported by 'SketchFile.obj'
  TechnicalSketcher.vcxproj -> F:\Users\Florian\Documents\VS-Projects\TechnicalSketcher\bin\Debug\TechnicalSketcher.exe
