f:\documents\c++\cppprojects\visual studio 2019\technicalsketcher-allegro\technicalsketcher-allegro\debug\technicalsketcher-allegro.pch
f:\documents\c++\cppprojects\visual studio 2019\technicalsketcher-allegro\technicalsketcher-allegro\debug\vc142.pdb
f:\documents\c++\cppprojects\visual studio 2019\technicalsketcher-allegro\technicalsketcher-allegro\debug\vc142.idb
f:\documents\c++\cppprojects\visual studio 2019\technicalsketcher-allegro\technicalsketcher-allegro\debug\pch.obj
f:\documents\c++\cppprojects\visual studio 2019\technicalsketcher-allegro\technicalsketcher-allegro\debug\imgui_widgets.obj
f:\documents\c++\cppprojects\visual studio 2019\technicalsketcher-allegro\technicalsketcher-allegro\debug\imgui_draw.obj
f:\documents\c++\cppprojects\visual studio 2019\technicalsketcher-allegro\technicalsketcher-allegro\debug\imgui_demo.obj
f:\documents\c++\cppprojects\visual studio 2019\technicalsketcher-allegro\technicalsketcher-allegro\debug\imgui.obj
f:\documents\c++\cppprojects\visual studio 2019\technicalsketcher-allegro\technicalsketcher-allegro\debug\imgui_impl_allegro5.obj
f:\documents\c++\cppprojects\visual studio 2019\technicalsketcher-allegro\technicalsketcher-allegro\debug\utils.obj
f:\documents\c++\cppprojects\visual studio 2019\technicalsketcher-allegro\technicalsketcher-allegro\debug\sketchfile.obj
f:\documents\c++\cppprojects\visual studio 2019\technicalsketcher-allegro\technicalsketcher-allegro\debug\shape.obj
f:\documents\c++\cppprojects\visual studio 2019\technicalsketcher-allegro\technicalsketcher-allegro\debug\math_geometry.obj
f:\documents\c++\cppprojects\visual studio 2019\technicalsketcher-allegro\technicalsketcher-allegro\debug\main.obj
f:\documents\c++\cppprojects\visual studio 2019\technicalsketcher-allegro\technicalsketcher-allegro\debug\layerlist.obj
f:\documents\c++\cppprojects\visual studio 2019\technicalsketcher-allegro\technicalsketcher-allegro\debug\geometry.obj
f:\documents\c++\cppprojects\visual studio 2019\technicalsketcher-allegro\technicalsketcher-allegro\debug\fonts.obj
f:\documents\c++\cppprojects\visual studio 2019\technicalsketcher-allegro\technicalsketcher-allegro\debug\application_logic.obj
f:\documents\c++\cppprojects\visual studio 2019\technicalsketcher-allegro\technicalsketcher-allegro\debug\application_graphic.obj
f:\documents\c++\cppprojects\visual studio 2019\technicalsketcher-allegro\technicalsketcher-allegro\debug\application_files.obj
f:\documents\c++\cppprojects\visual studio 2019\technicalsketcher-allegro\technicalsketcher-allegro\debug\application_events.obj
f:\documents\c++\cppprojects\visual studio 2019\technicalsketcher-allegro\technicalsketcher-allegro\debug\application.obj
f:\documents\c++\cppprojects\visual studio 2019\technicalsketcher-allegro\technicalsketcher-allegro\debug\allegroengine.obj
f:\documents\c++\cppprojects\visual studio 2019\technicalsketcher-allegro\debug\technicalsketcher-allegro.ilk
f:\documents\c++\cppprojects\visual studio 2019\technicalsketcher-allegro\debug\technicalsketcher-allegro.exe
f:\documents\c++\cppprojects\visual studio 2019\technicalsketcher-allegro\debug\technicalsketcher-allegro.pdb
f:\documents\c++\cppprojects\visual studio 2019\technicalsketcher-allegro\technicalsketcher-allegro\debug\technica.9970a034.tlog\cl.command.1.tlog
f:\documents\c++\cppprojects\visual studio 2019\technicalsketcher-allegro\technicalsketcher-allegro\debug\technica.9970a034.tlog\cl.read.1.tlog
f:\documents\c++\cppprojects\visual studio 2019\technicalsketcher-allegro\technicalsketcher-allegro\debug\technica.9970a034.tlog\cl.write.1.tlog
f:\documents\c++\cppprojects\visual studio 2019\technicalsketcher-allegro\technicalsketcher-allegro\debug\technica.9970a034.tlog\link.command.1.tlog
f:\documents\c++\cppprojects\visual studio 2019\technicalsketcher-allegro\technicalsketcher-allegro\debug\technica.9970a034.tlog\link.read.1.tlog
f:\documents\c++\cppprojects\visual studio 2019\technicalsketcher-allegro\technicalsketcher-allegro\debug\technica.9970a034.tlog\link.write.1.tlog
