  pch.cpp
  imgui_impl_allegro5.cpp
  imgui.cpp
  imgui_demo.cpp
  imgui_draw.cpp
  imgui_widgets.cpp
  Code wird generiert...
  AllegroEngine.cpp
  Application.cpp
  Application_Events.cpp
  Application_files.cpp
  Application_graphic.cpp
  Application_logic.cpp
  fonts.cpp
  geometry.cpp
  LayerList.cpp
  main.cpp
  math_geometry.cpp
  Shape.cpp
  SketchFile.cpp
  utils.cpp
  Code wird generiert...
  TechnicalSketcher-Allegro.vcxproj -> F:\Documents\C++\CppProjects\Visual Studio 2019\TechnicalSketcher-Allegro\Debug\TechnicalSketcher-Allegro.exe
