  Zip necessary files for automatic updates
  
  7-Zip 19.00 (x64) : Copyright (c) 1999-2018 Igor Pavlov : 2019-02-21
  
  Open archive: AutomaticUpdaterRelease.zip
  --
  Path = AutomaticUpdaterRelease.zip
  Type = zip
  Physical Size = 18758598
  
  Updating archive: AutomaticUpdaterRelease.zip
  
  
  Delete data from archive: 5 files, 20856111 bytes (20 MiB)
  Add new data to archive: 0 files, 0 bytes
  
  
  Files read from disk: 0
  Archive size: 22 bytes (1 KiB)
  Everything is Ok
  
  7-Zip 19.00 (x64) : Copyright (c) 1999-2018 Igor Pavlov : 2019-02-21
  
  Open archive: AutomaticUpdaterRelease.zip
  --
  Path = AutomaticUpdaterRelease.zip
  Type = zip
  Physical Size = 22
  
  Scanning the drive:
  1 file, 2899968 bytes (2832 KiB)
  
  Updating archive: AutomaticUpdaterRelease.zip
  
  Add new data to archive: 1 file, 2899968 bytes (2832 KiB)
  
  
  Files read from disk: 1
  Archive size: 1216740 bytes (1189 KiB)
  Everything is Ok
  
  7-Zip 19.00 (x64) : Copyright (c) 1999-2018 Igor Pavlov : 2019-02-21
  
  Open archive: AutomaticUpdaterRelease.zip
  --
  Path = AutomaticUpdaterRelease.zip
  Type = zip
  Physical Size = 1216740
  
  Updating archive: AutomaticUpdaterRelease.zip
  
  Keep old data in archive: 1 file, 2899968 bytes (2832 KiB)
  Add new data to archive: 0 files, 0 bytes
  
  
  Files read from disk: 0
  Archive size: 1216748 bytes (1189 KiB)
  Everything is Ok
  
  7-Zip 19.00 (x64) : Copyright (c) 1999-2018 Igor Pavlov : 2019-02-21
  
  Open archive: AutomaticUpdaterRelease.zip
  --
  Path = AutomaticUpdaterRelease.zip
  Type = zip
  Physical Size = 1216748
  
  Scanning the drive:
  1 file, 106297 bytes (104 KiB)
  
  Updating archive: AutomaticUpdaterRelease.zip
  
  Keep old data in archive: 1 file, 2899968 bytes (2832 KiB)
  Add new data to archive: 1 file, 106297 bytes (104 KiB)
  
  
  Files read from disk: 1
  Archive size: 1231346 bytes (1203 KiB)
  Everything is Ok
  
  7-Zip 19.00 (x64) : Copyright (c) 1999-2018 Igor Pavlov : 2019-02-21
  
  Open archive: AutomaticUpdaterRelease.zip
  --
  Path = AutomaticUpdaterRelease.zip
  Type = zip
  Physical Size = 1231346
  
  Updating archive: AutomaticUpdaterRelease.zip
  
  Keep old data in archive: 2 files, 3006265 bytes (2936 KiB)
  Add new data to archive: 0 files, 0 bytes
  
  
  Files read from disk: 0
  Archive size: 1231354 bytes (1203 KiB)
  Everything is Ok
  
  7-Zip 19.00 (x64) : Copyright (c) 1999-2018 Igor Pavlov : 2019-02-21
  
  Open archive: AutomaticUpdaterRelease.zip
  --
  Path = AutomaticUpdaterRelease.zip
  Type = zip
  Physical Size = 1231354
  
  Scanning the drive:
  1 file, 14 bytes (1 KiB)
  
  Updating archive: AutomaticUpdaterRelease.zip
  
  Keep old data in archive: 2 files, 3006265 bytes (2936 KiB)
  Add new data to archive: 1 file, 14 bytes (1 KiB)
  
  
  Files read from disk: 1
  Archive size: 1231494 bytes (1203 KiB)
  Everything is Ok
  
  7-Zip 19.00 (x64) : Copyright (c) 1999-2018 Igor Pavlov : 2019-02-21
  
  Open archive: AutomaticUpdaterRelease.zip
  --
  Path = AutomaticUpdaterRelease.zip
  Type = zip
  Physical Size = 1231494
  
  Scanning the drive:
  1 file, 7375769 bytes (7203 KiB)
  
  Updating archive: AutomaticUpdaterRelease.zip
  
  Keep old data in archive: 3 files, 3006279 bytes (2936 KiB)
  Add new data to archive: 1 file, 7375769 bytes (7203 KiB)
  
  
  Files read from disk: 1
  Archive size: 8453320 bytes (8256 KiB)
  Everything is Ok
  
  7-Zip 19.00 (x64) : Copyright (c) 1999-2018 Igor Pavlov : 2019-02-21
  
  Open archive: AutomaticUpdaterRelease.zip
  --
  Path = AutomaticUpdaterRelease.zip
  Type = zip
  Physical Size = 8453320
  
  Scanning the drive:
  1 file, 10474063 bytes (10229 KiB)
  
  Updating archive: AutomaticUpdaterRelease.zip
  
  Keep old data in archive: 4 files, 10382048 bytes (10139 KiB)
  Add new data to archive: 1 file, 10474063 bytes (10229 KiB)
  
  
  Files read from disk: 1
  Archive size: 18758598 bytes (18 MiB)
  Everything is Ok
