f:\documents\c++\cppprojects\visual studio 2019\technicalsketcher-allegro\update-installer\build\src\updatershared.dir\release\updatedialogwin32.obj
f:\documents\c++\cppprojects\visual studio 2019\technicalsketcher-allegro\update-installer\build\src\updatershared.dir\release\updateroptions.obj
f:\documents\c++\cppprojects\visual studio 2019\technicalsketcher-allegro\update-installer\build\src\updatershared.dir\release\updatescript.obj
f:\documents\c++\cppprojects\visual studio 2019\technicalsketcher-allegro\update-installer\build\src\updatershared.dir\release\updateinstaller.obj
f:\documents\c++\cppprojects\visual studio 2019\technicalsketcher-allegro\update-installer\build\src\updatershared.dir\release\standarddirs.obj
f:\documents\c++\cppprojects\visual studio 2019\technicalsketcher-allegro\update-installer\build\src\updatershared.dir\release\processutils.obj
f:\documents\c++\cppprojects\visual studio 2019\technicalsketcher-allegro\update-installer\build\src\updatershared.dir\release\log.obj
f:\documents\c++\cppprojects\visual studio 2019\technicalsketcher-allegro\update-installer\build\src\updatershared.dir\release\fileutils.obj
f:\documents\c++\cppprojects\visual studio 2019\technicalsketcher-allegro\update-installer\build\src\updatershared.dir\release\diriterator.obj
f:\documents\c++\cppprojects\visual studio 2019\technicalsketcher-allegro\update-installer\build\src\updatershared.dir\release\appinfo.obj
f:\documents\c++\cppprojects\visual studio 2019\technicalsketcher-allegro\update-installer\build\src\cmakefiles\generate.stamp
f:\documents\c++\cppprojects\visual studio 2019\technicalsketcher-allegro\update-installer\build\src\release\updatershared.lib
f:\documents\c++\cppprojects\visual studio 2019\technicalsketcher-allegro\update-installer\build\src\updatershared.dir\release\updatershared.tlog\cl.command.1.tlog
f:\documents\c++\cppprojects\visual studio 2019\technicalsketcher-allegro\update-installer\build\src\updatershared.dir\release\updatershared.tlog\cl.read.1.tlog
f:\documents\c++\cppprojects\visual studio 2019\technicalsketcher-allegro\update-installer\build\src\updatershared.dir\release\updatershared.tlog\cl.write.1.tlog
f:\documents\c++\cppprojects\visual studio 2019\technicalsketcher-allegro\update-installer\build\src\updatershared.dir\release\updatershared.tlog\custombuild.command.1.tlog
f:\documents\c++\cppprojects\visual studio 2019\technicalsketcher-allegro\update-installer\build\src\updatershared.dir\release\updatershared.tlog\custombuild.read.1.tlog
f:\documents\c++\cppprojects\visual studio 2019\technicalsketcher-allegro\update-installer\build\src\updatershared.dir\release\updatershared.tlog\custombuild.write.1.tlog
f:\documents\c++\cppprojects\visual studio 2019\technicalsketcher-allegro\update-installer\build\src\updatershared.dir\release\updatershared.tlog\lib-link.read.1.tlog
f:\documents\c++\cppprojects\visual studio 2019\technicalsketcher-allegro\update-installer\build\src\updatershared.dir\release\updatershared.tlog\lib-link.write.1.tlog
f:\documents\c++\cppprojects\visual studio 2019\technicalsketcher-allegro\update-installer\build\src\updatershared.dir\release\updatershared.tlog\lib.command.1.tlog
