f:\documents\c++\cppprojects\visual studio 2019\technicalsketcher-allegro\update-installer\build\src\updater.dir\release\main.obj
f:\documents\c++\cppprojects\visual studio 2019\technicalsketcher-allegro\update-installer\build\src\cmakefiles\generate.stamp
f:\documents\c++\cppprojects\visual studio 2019\technicalsketcher-allegro\update-installer\build\src\updater.dir\release\updater.res
f:\documents\c++\cppprojects\visual studio 2019\technicalsketcher-allegro\update-installer\build\src\updater.dir\release\updater.tlog\cl.command.1.tlog
f:\documents\c++\cppprojects\visual studio 2019\technicalsketcher-allegro\update-installer\build\src\updater.dir\release\updater.tlog\cl.read.1.tlog
f:\documents\c++\cppprojects\visual studio 2019\technicalsketcher-allegro\update-installer\build\src\updater.dir\release\updater.tlog\cl.write.1.tlog
f:\documents\c++\cppprojects\visual studio 2019\technicalsketcher-allegro\update-installer\build\src\updater.dir\release\updater.tlog\custombuild.command.1.tlog
f:\documents\c++\cppprojects\visual studio 2019\technicalsketcher-allegro\update-installer\build\src\updater.dir\release\updater.tlog\custombuild.read.1.tlog
f:\documents\c++\cppprojects\visual studio 2019\technicalsketcher-allegro\update-installer\build\src\updater.dir\release\updater.tlog\custombuild.write.1.tlog
f:\documents\c++\cppprojects\visual studio 2019\technicalsketcher-allegro\update-installer\build\src\updater.dir\release\updater.tlog\link-cvtres.read.1.tlog
f:\documents\c++\cppprojects\visual studio 2019\technicalsketcher-allegro\update-installer\build\src\updater.dir\release\updater.tlog\link-cvtres.write.1.tlog
f:\documents\c++\cppprojects\visual studio 2019\technicalsketcher-allegro\update-installer\build\src\updater.dir\release\updater.tlog\link-rc.read.1.tlog
f:\documents\c++\cppprojects\visual studio 2019\technicalsketcher-allegro\update-installer\build\src\updater.dir\release\updater.tlog\link-rc.write.1.tlog
f:\documents\c++\cppprojects\visual studio 2019\technicalsketcher-allegro\update-installer\build\src\updater.dir\release\updater.tlog\link.11376-cvtres.read.1.tlog
f:\documents\c++\cppprojects\visual studio 2019\technicalsketcher-allegro\update-installer\build\src\updater.dir\release\updater.tlog\link.11376-cvtres.write.1.tlog
f:\documents\c++\cppprojects\visual studio 2019\technicalsketcher-allegro\update-installer\build\src\updater.dir\release\updater.tlog\link.11376-rc.read.1.tlog
f:\documents\c++\cppprojects\visual studio 2019\technicalsketcher-allegro\update-installer\build\src\updater.dir\release\updater.tlog\link.11376-rc.write.1.tlog
f:\documents\c++\cppprojects\visual studio 2019\technicalsketcher-allegro\update-installer\build\src\updater.dir\release\updater.tlog\link.11376.read.1.tlog
f:\documents\c++\cppprojects\visual studio 2019\technicalsketcher-allegro\update-installer\build\src\updater.dir\release\updater.tlog\link.11376.write.1.tlog
f:\documents\c++\cppprojects\visual studio 2019\technicalsketcher-allegro\update-installer\build\src\updater.dir\release\updater.tlog\link.command.1.tlog
f:\documents\c++\cppprojects\visual studio 2019\technicalsketcher-allegro\update-installer\build\src\updater.dir\release\updater.tlog\link.read.1.tlog
f:\documents\c++\cppprojects\visual studio 2019\technicalsketcher-allegro\update-installer\build\src\updater.dir\release\updater.tlog\link.write.1.tlog
f:\documents\c++\cppprojects\visual studio 2019\technicalsketcher-allegro\update-installer\build\src\updater.dir\release\updater.tlog\rc.command.1.tlog
f:\documents\c++\cppprojects\visual studio 2019\technicalsketcher-allegro\update-installer\build\src\updater.dir\release\updater.tlog\rc.read.1.tlog
f:\documents\c++\cppprojects\visual studio 2019\technicalsketcher-allegro\update-installer\build\src\updater.dir\release\updater.tlog\rc.write.1.tlog
