  pch.cpp
  imgui_impl_allegro5.cpp
  imgui.cpp
  imgui_demo.cpp
  imgui_draw.cpp
  imgui_widgets.cpp
  Code wird generiert...
  AllegroEngine.cpp
  Application.cpp
  Application_Events.cpp
  Application_files.cpp
  Application_graphic.cpp
  Application_logic.cpp
  fonts.cpp
  geometry.cpp
  LayerList.cpp
  main.cpp
  math_geometry.cpp
  Shape.cpp
  SketchFile.cpp
  utils.cpp
  Code wird generiert...
allegro_monolith-static.lib(allegro.obj) : warning LNK4099: PDB "allegro_monolith.pdb" wurde nicht mit "allegro_monolith-static.lib(allegro.obj)" oder an "F:\Documents\C++\CppProjects\Visual Studio 2019\TechnicalSketcher-Allegro\x64\Debug\allegro_monolith.pdb" gefunden; Objekt wird verknüpft, als ob keine Debuginformationen vorhanden wären.
allegro_monolith-static.lib(bitmap.obj) : warning LNK4099: PDB "allegro_monolith.pdb" wurde nicht mit "allegro_monolith-static.lib(bitmap.obj)" oder an "F:\Documents\C++\CppProjects\Visual Studio 2019\TechnicalSketcher-Allegro\x64\Debug\allegro_monolith.pdb" gefunden; Objekt wird verknüpft, als ob keine Debuginformationen vorhanden wären.
allegro_monolith-static.lib(bitmap_draw.obj) : warning LNK4099: PDB "allegro_monolith.pdb" wurde nicht mit "allegro_monolith-static.lib(bitmap_draw.obj)" oder an "F:\Documents\C++\CppProjects\Visual Studio 2019\TechnicalSketcher-Allegro\x64\Debug\allegro_monolith.pdb" gefunden; Objekt wird verknüpft, als ob keine Debuginformationen vorhanden wären.
allegro_monolith-static.lib(bitmap_io.obj) : warning LNK4099: PDB "allegro_monolith.pdb" wurde nicht mit "allegro_monolith-static.lib(bitmap_io.obj)" oder an "F:\Documents\C++\CppProjects\Visual Studio 2019\TechnicalSketcher-Allegro\x64\Debug\allegro_monolith.pdb" gefunden; Objekt wird verknüpft, als ob keine Debuginformationen vorhanden wären.
allegro_monolith-static.lib(bitmap_lock.obj) : warning LNK4099: PDB "allegro_monolith.pdb" wurde nicht mit "allegro_monolith-static.lib(bitmap_lock.obj)" oder an "F:\Documents\C++\CppProjects\Visual Studio 2019\TechnicalSketcher-Allegro\x64\Debug\allegro_monolith.pdb" gefunden; Objekt wird verknüpft, als ob keine Debuginformationen vorhanden wären.
allegro_monolith-static.lib(bitmap_pixel.obj) : warning LNK4099: PDB "allegro_monolith.pdb" wurde nicht mit "allegro_monolith-static.lib(bitmap_pixel.obj)" oder an "F:\Documents\C++\CppProjects\Visual Studio 2019\TechnicalSketcher-Allegro\x64\Debug\allegro_monolith.pdb" gefunden; Objekt wird verknüpft, als ob keine Debuginformationen vorhanden wären.
allegro_monolith-static.lib(bitmap_type.obj) : warning LNK4099: PDB "allegro_monolith.pdb" wurde nicht mit "allegro_monolith-static.lib(bitmap_type.obj)" oder an "F:\Documents\C++\CppProjects\Visual Studio 2019\TechnicalSketcher-Allegro\x64\Debug\allegro_monolith.pdb" gefunden; Objekt wird verknüpft, als ob keine Debuginformationen vorhanden wären.
allegro_monolith-static.lib(blenders.obj) : warning LNK4099: PDB "allegro_monolith.pdb" wurde nicht mit "allegro_monolith-static.lib(blenders.obj)" oder an "F:\Documents\C++\CppProjects\Visual Studio 2019\TechnicalSketcher-Allegro\x64\Debug\allegro_monolith.pdb" gefunden; Objekt wird verknüpft, als ob keine Debuginformationen vorhanden wären.
allegro_monolith-static.lib(clipboard.obj) : warning LNK4099: PDB "allegro_monolith.pdb" wurde nicht mit "allegro_monolith-static.lib(clipboard.obj)" oder an "F:\Documents\C++\CppProjects\Visual Studio 2019\TechnicalSketcher-Allegro\x64\Debug\allegro_monolith.pdb" gefunden; Objekt wird verknüpft, als ob keine Debuginformationen vorhanden wären.
allegro_monolith-static.lib(config.obj) : warning LNK4099: PDB "allegro_monolith.pdb" wurde nicht mit "allegro_monolith-static.lib(config.obj)" oder an "F:\Documents\C++\CppProjects\Visual Studio 2019\TechnicalSketcher-Allegro\x64\Debug\allegro_monolith.pdb" gefunden; Objekt wird verknüpft, als ob keine Debuginformationen vorhanden wären.
allegro_monolith-static.lib(convert.obj) : warning LNK4099: PDB "allegro_monolith.pdb" wurde nicht mit "allegro_monolith-static.lib(convert.obj)" oder an "F:\Documents\C++\CppProjects\Visual Studio 2019\TechnicalSketcher-Allegro\x64\Debug\allegro_monolith.pdb" gefunden; Objekt wird verknüpft, als ob keine Debuginformationen vorhanden wären.
allegro_monolith-static.lib(debug.obj) : warning LNK4099: PDB "allegro_monolith.pdb" wurde nicht mit "allegro_monolith-static.lib(debug.obj)" oder an "F:\Documents\C++\CppProjects\Visual Studio 2019\TechnicalSketcher-Allegro\x64\Debug\allegro_monolith.pdb" gefunden; Objekt wird verknüpft, als ob keine Debuginformationen vorhanden wären.
allegro_monolith-static.lib(display.obj) : warning LNK4099: PDB "allegro_monolith.pdb" wurde nicht mit "allegro_monolith-static.lib(display.obj)" oder an "F:\Documents\C++\CppProjects\Visual Studio 2019\TechnicalSketcher-Allegro\x64\Debug\allegro_monolith.pdb" gefunden; Objekt wird verknüpft, als ob keine Debuginformationen vorhanden wären.
allegro_monolith-static.lib(display_settings.obj) : warning LNK4099: PDB "allegro_monolith.pdb" wurde nicht mit "allegro_monolith-static.lib(display_settings.obj)" oder an "F:\Documents\C++\CppProjects\Visual Studio 2019\TechnicalSketcher-Allegro\x64\Debug\allegro_monolith.pdb" gefunden; Objekt wird verknüpft, als ob keine Debuginformationen vorhanden wären.
allegro_monolith-static.lib(drawing.obj) : warning LNK4099: PDB "allegro_monolith.pdb" wurde nicht mit "allegro_monolith-static.lib(drawing.obj)" oder an "F:\Documents\C++\CppProjects\Visual Studio 2019\TechnicalSketcher-Allegro\x64\Debug\allegro_monolith.pdb" gefunden; Objekt wird verknüpft, als ob keine Debuginformationen vorhanden wären.
allegro_monolith-static.lib(dtor.obj) : warning LNK4099: PDB "allegro_monolith.pdb" wurde nicht mit "allegro_monolith-static.lib(dtor.obj)" oder an "F:\Documents\C++\CppProjects\Visual Studio 2019\TechnicalSketcher-Allegro\x64\Debug\allegro_monolith.pdb" gefunden; Objekt wird verknüpft, als ob keine Debuginformationen vorhanden wären.
allegro_monolith-static.lib(events.obj) : warning LNK4099: PDB "allegro_monolith.pdb" wurde nicht mit "allegro_monolith-static.lib(events.obj)" oder an "F:\Documents\C++\CppProjects\Visual Studio 2019\TechnicalSketcher-Allegro\x64\Debug\allegro_monolith.pdb" gefunden; Objekt wird verknüpft, als ob keine Debuginformationen vorhanden wären.
allegro_monolith-static.lib(evtsrc.obj) : warning LNK4099: PDB "allegro_monolith.pdb" wurde nicht mit "allegro_monolith-static.lib(evtsrc.obj)" oder an "F:\Documents\C++\CppProjects\Visual Studio 2019\TechnicalSketcher-Allegro\x64\Debug\allegro_monolith.pdb" gefunden; Objekt wird verknüpft, als ob keine Debuginformationen vorhanden wären.
allegro_monolith-static.lib(exitfunc.obj) : warning LNK4099: PDB "allegro_monolith.pdb" wurde nicht mit "allegro_monolith-static.lib(exitfunc.obj)" oder an "F:\Documents\C++\CppProjects\Visual Studio 2019\TechnicalSketcher-Allegro\x64\Debug\allegro_monolith.pdb" gefunden; Objekt wird verknüpft, als ob keine Debuginformationen vorhanden wären.
allegro_monolith-static.lib(file.obj) : warning LNK4099: PDB "allegro_monolith.pdb" wurde nicht mit "allegro_monolith-static.lib(file.obj)" oder an "F:\Documents\C++\CppProjects\Visual Studio 2019\TechnicalSketcher-Allegro\x64\Debug\allegro_monolith.pdb" gefunden; Objekt wird verknüpft, als ob keine Debuginformationen vorhanden wären.
allegro_monolith-static.lib(file_stdio.obj) : warning LNK4099: PDB "allegro_monolith.pdb" wurde nicht mit "allegro_monolith-static.lib(file_stdio.obj)" oder an "F:\Documents\C++\CppProjects\Visual Studio 2019\TechnicalSketcher-Allegro\x64\Debug\allegro_monolith.pdb" gefunden; Objekt wird verknüpft, als ob keine Debuginformationen vorhanden wären.
allegro_monolith-static.lib(fshook.obj) : warning LNK4099: PDB "allegro_monolith.pdb" wurde nicht mit "allegro_monolith-static.lib(fshook.obj)" oder an "F:\Documents\C++\CppProjects\Visual Studio 2019\TechnicalSketcher-Allegro\x64\Debug\allegro_monolith.pdb" gefunden; Objekt wird verknüpft, als ob keine Debuginformationen vorhanden wären.
allegro_monolith-static.lib(fshook_stdio.obj) : warning LNK4099: PDB "allegro_monolith.pdb" wurde nicht mit "allegro_monolith-static.lib(fshook_stdio.obj)" oder an "F:\Documents\C++\CppProjects\Visual Studio 2019\TechnicalSketcher-Allegro\x64\Debug\allegro_monolith.pdb" gefunden; Objekt wird verknüpft, als ob keine Debuginformationen vorhanden wären.
allegro_monolith-static.lib(fullscreen_mode.obj) : warning LNK4099: PDB "allegro_monolith.pdb" wurde nicht mit "allegro_monolith-static.lib(fullscreen_mode.obj)" oder an "F:\Documents\C++\CppProjects\Visual Studio 2019\TechnicalSketcher-Allegro\x64\Debug\allegro_monolith.pdb" gefunden; Objekt wird verknüpft, als ob keine Debuginformationen vorhanden wären.
allegro_monolith-static.lib(haptic.obj) : warning LNK4099: PDB "allegro_monolith.pdb" wurde nicht mit "allegro_monolith-static.lib(haptic.obj)" oder an "F:\Documents\C++\CppProjects\Visual Studio 2019\TechnicalSketcher-Allegro\x64\Debug\allegro_monolith.pdb" gefunden; Objekt wird verknüpft, als ob keine Debuginformationen vorhanden wären.
allegro_monolith-static.lib(joynu.obj) : warning LNK4099: PDB "allegro_monolith.pdb" wurde nicht mit "allegro_monolith-static.lib(joynu.obj)" oder an "F:\Documents\C++\CppProjects\Visual Studio 2019\TechnicalSketcher-Allegro\x64\Debug\allegro_monolith.pdb" gefunden; Objekt wird verknüpft, als ob keine Debuginformationen vorhanden wären.
allegro_monolith-static.lib(keybdnu.obj) : warning LNK4099: PDB "allegro_monolith.pdb" wurde nicht mit "allegro_monolith-static.lib(keybdnu.obj)" oder an "F:\Documents\C++\CppProjects\Visual Studio 2019\TechnicalSketcher-Allegro\x64\Debug\allegro_monolith.pdb" gefunden; Objekt wird verknüpft, als ob keine Debuginformationen vorhanden wären.
allegro_monolith-static.lib(libc.obj) : warning LNK4099: PDB "allegro_monolith.pdb" wurde nicht mit "allegro_monolith-static.lib(libc.obj)" oder an "F:\Documents\C++\CppProjects\Visual Studio 2019\TechnicalSketcher-Allegro\x64\Debug\allegro_monolith.pdb" gefunden; Objekt wird verknüpft, als ob keine Debuginformationen vorhanden wären.
allegro_monolith-static.lib(memblit.obj) : warning LNK4099: PDB "allegro_monolith.pdb" wurde nicht mit "allegro_monolith-static.lib(memblit.obj)" oder an "F:\Documents\C++\CppProjects\Visual Studio 2019\TechnicalSketcher-Allegro\x64\Debug\allegro_monolith.pdb" gefunden; Objekt wird verknüpft, als ob keine Debuginformationen vorhanden wären.
allegro_monolith-static.lib(memdraw.obj) : warning LNK4099: PDB "allegro_monolith.pdb" wurde nicht mit "allegro_monolith-static.lib(memdraw.obj)" oder an "F:\Documents\C++\CppProjects\Visual Studio 2019\TechnicalSketcher-Allegro\x64\Debug\allegro_monolith.pdb" gefunden; Objekt wird verknüpft, als ob keine Debuginformationen vorhanden wären.
allegro_monolith-static.lib(memory.obj) : warning LNK4099: PDB "allegro_monolith.pdb" wurde nicht mit "allegro_monolith-static.lib(memory.obj)" oder an "F:\Documents\C++\CppProjects\Visual Studio 2019\TechnicalSketcher-Allegro\x64\Debug\allegro_monolith.pdb" gefunden; Objekt wird verknüpft, als ob keine Debuginformationen vorhanden wären.
allegro_monolith-static.lib(monitor.obj) : warning LNK4099: PDB "allegro_monolith.pdb" wurde nicht mit "allegro_monolith-static.lib(monitor.obj)" oder an "F:\Documents\C++\CppProjects\Visual Studio 2019\TechnicalSketcher-Allegro\x64\Debug\allegro_monolith.pdb" gefunden; Objekt wird verknüpft, als ob keine Debuginformationen vorhanden wären.
allegro_monolith-static.lib(mousenu.obj) : warning LNK4099: PDB "allegro_monolith.pdb" wurde nicht mit "allegro_monolith-static.lib(mousenu.obj)" oder an "F:\Documents\C++\CppProjects\Visual Studio 2019\TechnicalSketcher-Allegro\x64\Debug\allegro_monolith.pdb" gefunden; Objekt wird verknüpft, als ob keine Debuginformationen vorhanden wären.
allegro_monolith-static.lib(mouse_cursor.obj) : warning LNK4099: PDB "allegro_monolith.pdb" wurde nicht mit "allegro_monolith-static.lib(mouse_cursor.obj)" oder an "F:\Documents\C++\CppProjects\Visual Studio 2019\TechnicalSketcher-Allegro\x64\Debug\allegro_monolith.pdb" gefunden; Objekt wird verknüpft, als ob keine Debuginformationen vorhanden wären.
allegro_monolith-static.lib(path.obj) : warning LNK4099: PDB "allegro_monolith.pdb" wurde nicht mit "allegro_monolith-static.lib(path.obj)" oder an "F:\Documents\C++\CppProjects\Visual Studio 2019\TechnicalSketcher-Allegro\x64\Debug\allegro_monolith.pdb" gefunden; Objekt wird verknüpft, als ob keine Debuginformationen vorhanden wären.
allegro_monolith-static.lib(pixels.obj) : warning LNK4099: PDB "allegro_monolith.pdb" wurde nicht mit "allegro_monolith-static.lib(pixels.obj)" oder an "F:\Documents\C++\CppProjects\Visual Studio 2019\TechnicalSketcher-Allegro\x64\Debug\allegro_monolith.pdb" gefunden; Objekt wird verknüpft, als ob keine Debuginformationen vorhanden wären.
allegro_monolith-static.lib(shader.obj) : warning LNK4099: PDB "allegro_monolith.pdb" wurde nicht mit "allegro_monolith-static.lib(shader.obj)" oder an "F:\Documents\C++\CppProjects\Visual Studio 2019\TechnicalSketcher-Allegro\x64\Debug\allegro_monolith.pdb" gefunden; Objekt wird verknüpft, als ob keine Debuginformationen vorhanden wären.
allegro_monolith-static.lib(system.obj) : warning LNK4099: PDB "allegro_monolith.pdb" wurde nicht mit "allegro_monolith-static.lib(system.obj)" oder an "F:\Documents\C++\CppProjects\Visual Studio 2019\TechnicalSketcher-Allegro\x64\Debug\allegro_monolith.pdb" gefunden; Objekt wird verknüpft, als ob keine Debuginformationen vorhanden wären.
allegro_monolith-static.lib(threads.obj) : warning LNK4099: PDB "allegro_monolith.pdb" wurde nicht mit "allegro_monolith-static.lib(threads.obj)" oder an "F:\Documents\C++\CppProjects\Visual Studio 2019\TechnicalSketcher-Allegro\x64\Debug\allegro_monolith.pdb" gefunden; Objekt wird verknüpft, als ob keine Debuginformationen vorhanden wären.
allegro_monolith-static.lib(timernu.obj) : warning LNK4099: PDB "allegro_monolith.pdb" wurde nicht mit "allegro_monolith-static.lib(timernu.obj)" oder an "F:\Documents\C++\CppProjects\Visual Studio 2019\TechnicalSketcher-Allegro\x64\Debug\allegro_monolith.pdb" gefunden; Objekt wird verknüpft, als ob keine Debuginformationen vorhanden wären.
allegro_monolith-static.lib(tls.obj) : warning LNK4099: PDB "allegro_monolith.pdb" wurde nicht mit "allegro_monolith-static.lib(tls.obj)" oder an "F:\Documents\C++\CppProjects\Visual Studio 2019\TechnicalSketcher-Allegro\x64\Debug\allegro_monolith.pdb" gefunden; Objekt wird verknüpft, als ob keine Debuginformationen vorhanden wären.
allegro_monolith-static.lib(touch_input.obj) : warning LNK4099: PDB "allegro_monolith.pdb" wurde nicht mit "allegro_monolith-static.lib(touch_input.obj)" oder an "F:\Documents\C++\CppProjects\Visual Studio 2019\TechnicalSketcher-Allegro\x64\Debug\allegro_monolith.pdb" gefunden; Objekt wird verknüpft, als ob keine Debuginformationen vorhanden wären.
allegro_monolith-static.lib(transformations.obj) : warning LNK4099: PDB "allegro_monolith.pdb" wurde nicht mit "allegro_monolith-static.lib(transformations.obj)" oder an "F:\Documents\C++\CppProjects\Visual Studio 2019\TechnicalSketcher-Allegro\x64\Debug\allegro_monolith.pdb" gefunden; Objekt wird verknüpft, als ob keine Debuginformationen vorhanden wären.
allegro_monolith-static.lib(tri_soft.obj) : warning LNK4099: PDB "allegro_monolith.pdb" wurde nicht mit "allegro_monolith-static.lib(tri_soft.obj)" oder an "F:\Documents\C++\CppProjects\Visual Studio 2019\TechnicalSketcher-Allegro\x64\Debug\allegro_monolith.pdb" gefunden; Objekt wird verknüpft, als ob keine Debuginformationen vorhanden wären.
allegro_monolith-static.lib(utf8.obj) : warning LNK4099: PDB "allegro_monolith.pdb" wurde nicht mit "allegro_monolith-static.lib(utf8.obj)" oder an "F:\Documents\C++\CppProjects\Visual Studio 2019\TechnicalSketcher-Allegro\x64\Debug\allegro_monolith.pdb" gefunden; Objekt wird verknüpft, als ob keine Debuginformationen vorhanden wären.
allegro_monolith-static.lib(aatree.obj) : warning LNK4099: PDB "allegro_monolith.pdb" wurde nicht mit "allegro_monolith-static.lib(aatree.obj)" oder an "F:\Documents\C++\CppProjects\Visual Studio 2019\TechnicalSketcher-Allegro\x64\Debug\allegro_monolith.pdb" gefunden; Objekt wird verknüpft, als ob keine Debuginformationen vorhanden wären.
allegro_monolith-static.lib(bstrlib.obj) : warning LNK4099: PDB "allegro_monolith.pdb" wurde nicht mit "allegro_monolith-static.lib(bstrlib.obj)" oder an "F:\Documents\C++\CppProjects\Visual Studio 2019\TechnicalSketcher-Allegro\x64\Debug\allegro_monolith.pdb" gefunden; Objekt wird verknüpft, als ob keine Debuginformationen vorhanden wären.
allegro_monolith-static.lib(list.obj) : warning LNK4099: PDB "allegro_monolith.pdb" wurde nicht mit "allegro_monolith-static.lib(list.obj)" oder an "F:\Documents\C++\CppProjects\Visual Studio 2019\TechnicalSketcher-Allegro\x64\Debug\allegro_monolith.pdb" gefunden; Objekt wird verknüpft, als ob keine Debuginformationen vorhanden wären.
allegro_monolith-static.lib(vector.obj) : warning LNK4099: PDB "allegro_monolith.pdb" wurde nicht mit "allegro_monolith-static.lib(vector.obj)" oder an "F:\Documents\C++\CppProjects\Visual Studio 2019\TechnicalSketcher-Allegro\x64\Debug\allegro_monolith.pdb" gefunden; Objekt wird verknüpft, als ob keine Debuginformationen vorhanden wären.
allegro_monolith-static.lib(wclipboard.obj) : warning LNK4099: PDB "allegro_monolith.pdb" wurde nicht mit "allegro_monolith-static.lib(wclipboard.obj)" oder an "F:\Documents\C++\CppProjects\Visual Studio 2019\TechnicalSketcher-Allegro\x64\Debug\allegro_monolith.pdb" gefunden; Objekt wird verknüpft, als ob keine Debuginformationen vorhanden wären.
allegro_monolith-static.lib(whapall.obj) : warning LNK4099: PDB "allegro_monolith.pdb" wurde nicht mit "allegro_monolith-static.lib(whapall.obj)" oder an "F:\Documents\C++\CppProjects\Visual Studio 2019\TechnicalSketcher-Allegro\x64\Debug\allegro_monolith.pdb" gefunden; Objekt wird verknüpft, als ob keine Debuginformationen vorhanden wären.
allegro_monolith-static.lib(whaptic.obj) : warning LNK4099: PDB "allegro_monolith.pdb" wurde nicht mit "allegro_monolith-static.lib(whaptic.obj)" oder an "F:\Documents\C++\CppProjects\Visual Studio 2019\TechnicalSketcher-Allegro\x64\Debug\allegro_monolith.pdb" gefunden; Objekt wird verknüpft, als ob keine Debuginformationen vorhanden wären.
allegro_monolith-static.lib(whapxi.obj) : warning LNK4099: PDB "allegro_monolith.pdb" wurde nicht mit "allegro_monolith-static.lib(whapxi.obj)" oder an "F:\Documents\C++\CppProjects\Visual Studio 2019\TechnicalSketcher-Allegro\x64\Debug\allegro_monolith.pdb" gefunden; Objekt wird verknüpft, als ob keine Debuginformationen vorhanden wären.
allegro_monolith-static.lib(wjoyall.obj) : warning LNK4099: PDB "allegro_monolith.pdb" wurde nicht mit "allegro_monolith-static.lib(wjoyall.obj)" oder an "F:\Documents\C++\CppProjects\Visual Studio 2019\TechnicalSketcher-Allegro\x64\Debug\allegro_monolith.pdb" gefunden; Objekt wird verknüpft, als ob keine Debuginformationen vorhanden wären.
allegro_monolith-static.lib(wjoydxnu.obj) : warning LNK4099: PDB "allegro_monolith.pdb" wurde nicht mit "allegro_monolith-static.lib(wjoydxnu.obj)" oder an "F:\Documents\C++\CppProjects\Visual Studio 2019\TechnicalSketcher-Allegro\x64\Debug\allegro_monolith.pdb" gefunden; Objekt wird verknüpft, als ob keine Debuginformationen vorhanden wären.
allegro_monolith-static.lib(wjoyxi.obj) : warning LNK4099: PDB "allegro_monolith.pdb" wurde nicht mit "allegro_monolith-static.lib(wjoyxi.obj)" oder an "F:\Documents\C++\CppProjects\Visual Studio 2019\TechnicalSketcher-Allegro\x64\Debug\allegro_monolith.pdb" gefunden; Objekt wird verknüpft, als ob keine Debuginformationen vorhanden wären.
allegro_monolith-static.lib(wkeyboard.obj) : warning LNK4099: PDB "allegro_monolith.pdb" wurde nicht mit "allegro_monolith-static.lib(wkeyboard.obj)" oder an "F:\Documents\C++\CppProjects\Visual Studio 2019\TechnicalSketcher-Allegro\x64\Debug\allegro_monolith.pdb" gefunden; Objekt wird verknüpft, als ob keine Debuginformationen vorhanden wären.
allegro_monolith-static.lib(wmcursor.obj) : warning LNK4099: PDB "allegro_monolith.pdb" wurde nicht mit "allegro_monolith-static.lib(wmcursor.obj)" oder an "F:\Documents\C++\CppProjects\Visual Studio 2019\TechnicalSketcher-Allegro\x64\Debug\allegro_monolith.pdb" gefunden; Objekt wird verknüpft, als ob keine Debuginformationen vorhanden wären.
allegro_monolith-static.lib(wmouse.obj) : warning LNK4099: PDB "allegro_monolith.pdb" wurde nicht mit "allegro_monolith-static.lib(wmouse.obj)" oder an "F:\Documents\C++\CppProjects\Visual Studio 2019\TechnicalSketcher-Allegro\x64\Debug\allegro_monolith.pdb" gefunden; Objekt wird verknüpft, als ob keine Debuginformationen vorhanden wären.
allegro_monolith-static.lib(wsystem.obj) : warning LNK4099: PDB "allegro_monolith.pdb" wurde nicht mit "allegro_monolith-static.lib(wsystem.obj)" oder an "F:\Documents\C++\CppProjects\Visual Studio 2019\TechnicalSketcher-Allegro\x64\Debug\allegro_monolith.pdb" gefunden; Objekt wird verknüpft, als ob keine Debuginformationen vorhanden wären.
allegro_monolith-static.lib(wthread.obj) : warning LNK4099: PDB "allegro_monolith.pdb" wurde nicht mit "allegro_monolith-static.lib(wthread.obj)" oder an "F:\Documents\C++\CppProjects\Visual Studio 2019\TechnicalSketcher-Allegro\x64\Debug\allegro_monolith.pdb" gefunden; Objekt wird verknüpft, als ob keine Debuginformationen vorhanden wären.
allegro_monolith-static.lib(wtime.obj) : warning LNK4099: PDB "allegro_monolith.pdb" wurde nicht mit "allegro_monolith-static.lib(wtime.obj)" oder an "F:\Documents\C++\CppProjects\Visual Studio 2019\TechnicalSketcher-Allegro\x64\Debug\allegro_monolith.pdb" gefunden; Objekt wird verknüpft, als ob keine Debuginformationen vorhanden wären.
allegro_monolith-static.lib(wtouch_input.obj) : warning LNK4099: PDB "allegro_monolith.pdb" wurde nicht mit "allegro_monolith-static.lib(wtouch_input.obj)" oder an "F:\Documents\C++\CppProjects\Visual Studio 2019\TechnicalSketcher-Allegro\x64\Debug\allegro_monolith.pdb" gefunden; Objekt wird verknüpft, als ob keine Debuginformationen vorhanden wären.
allegro_monolith-static.lib(wunicode.obj) : warning LNK4099: PDB "allegro_monolith.pdb" wurde nicht mit "allegro_monolith-static.lib(wunicode.obj)" oder an "F:\Documents\C++\CppProjects\Visual Studio 2019\TechnicalSketcher-Allegro\x64\Debug\allegro_monolith.pdb" gefunden; Objekt wird verknüpft, als ob keine Debuginformationen vorhanden wären.
allegro_monolith-static.lib(wwindow.obj) : warning LNK4099: PDB "allegro_monolith.pdb" wurde nicht mit "allegro_monolith-static.lib(wwindow.obj)" oder an "F:\Documents\C++\CppProjects\Visual Studio 2019\TechnicalSketcher-Allegro\x64\Debug\allegro_monolith.pdb" gefunden; Objekt wird verknüpft, als ob keine Debuginformationen vorhanden wären.
allegro_monolith-static.lib(wxthread.obj) : warning LNK4099: PDB "" wurde nicht mit "allegro_monolith-static.lib(wxthread.obj)" oder an "" gefunden; Objekt wird verknüpft, als ob keine Debuginformationen vorhanden wären.
allegro_monolith-static.lib(d3d_bmp.obj) : warning LNK4099: PDB "allegro_monolith.pdb" wurde nicht mit "allegro_monolith-static.lib(d3d_bmp.obj)" oder an "F:\Documents\C++\CppProjects\Visual Studio 2019\TechnicalSketcher-Allegro\x64\Debug\allegro_monolith.pdb" gefunden; Objekt wird verknüpft, als ob keine Debuginformationen vorhanden wären.
allegro_monolith-static.lib(d3d_disp.obj) : warning LNK4099: PDB "allegro_monolith.pdb" wurde nicht mit "allegro_monolith-static.lib(d3d_disp.obj)" oder an "F:\Documents\C++\CppProjects\Visual Studio 2019\TechnicalSketcher-Allegro\x64\Debug\allegro_monolith.pdb" gefunden; Objekt wird verknüpft, als ob keine Debuginformationen vorhanden wären.
allegro_monolith-static.lib(d3d_display_formats.obj) : warning LNK4099: PDB "allegro_monolith.pdb" wurde nicht mit "allegro_monolith-static.lib(d3d_display_formats.obj)" oder an "F:\Documents\C++\CppProjects\Visual Studio 2019\TechnicalSketcher-Allegro\x64\Debug\allegro_monolith.pdb" gefunden; Objekt wird verknüpft, als ob keine Debuginformationen vorhanden wären.
allegro_monolith-static.lib(d3d_render_state.obj) : warning LNK4099: PDB "allegro_monolith.pdb" wurde nicht mit "allegro_monolith-static.lib(d3d_render_state.obj)" oder an "F:\Documents\C++\CppProjects\Visual Studio 2019\TechnicalSketcher-Allegro\x64\Debug\allegro_monolith.pdb" gefunden; Objekt wird verknüpft, als ob keine Debuginformationen vorhanden wären.
allegro_monolith-static.lib(d3d_shader.obj) : warning LNK4099: PDB "allegro_monolith.pdb" wurde nicht mit "allegro_monolith-static.lib(d3d_shader.obj)" oder an "F:\Documents\C++\CppProjects\Visual Studio 2019\TechnicalSketcher-Allegro\x64\Debug\allegro_monolith.pdb" gefunden; Objekt wird verknüpft, als ob keine Debuginformationen vorhanden wären.
allegro_monolith-static.lib(d3d_d3dx9.obj) : warning LNK4099: PDB "allegro_monolith.pdb" wurde nicht mit "allegro_monolith-static.lib(d3d_d3dx9.obj)" oder an "F:\Documents\C++\CppProjects\Visual Studio 2019\TechnicalSketcher-Allegro\x64\Debug\allegro_monolith.pdb" gefunden; Objekt wird verknüpft, als ob keine Debuginformationen vorhanden wären.
allegro_monolith-static.lib(extensions.obj) : warning LNK4099: PDB "allegro_monolith.pdb" wurde nicht mit "allegro_monolith-static.lib(extensions.obj)" oder an "F:\Documents\C++\CppProjects\Visual Studio 2019\TechnicalSketcher-Allegro\x64\Debug\allegro_monolith.pdb" gefunden; Objekt wird verknüpft, als ob keine Debuginformationen vorhanden wären.
allegro_monolith-static.lib(ogl_bitmap.obj) : warning LNK4099: PDB "allegro_monolith.pdb" wurde nicht mit "allegro_monolith-static.lib(ogl_bitmap.obj)" oder an "F:\Documents\C++\CppProjects\Visual Studio 2019\TechnicalSketcher-Allegro\x64\Debug\allegro_monolith.pdb" gefunden; Objekt wird verknüpft, als ob keine Debuginformationen vorhanden wären.
allegro_monolith-static.lib(ogl_display.obj) : warning LNK4099: PDB "allegro_monolith.pdb" wurde nicht mit "allegro_monolith-static.lib(ogl_display.obj)" oder an "F:\Documents\C++\CppProjects\Visual Studio 2019\TechnicalSketcher-Allegro\x64\Debug\allegro_monolith.pdb" gefunden; Objekt wird verknüpft, als ob keine Debuginformationen vorhanden wären.
allegro_monolith-static.lib(ogl_draw.obj) : warning LNK4099: PDB "allegro_monolith.pdb" wurde nicht mit "allegro_monolith-static.lib(ogl_draw.obj)" oder an "F:\Documents\C++\CppProjects\Visual Studio 2019\TechnicalSketcher-Allegro\x64\Debug\allegro_monolith.pdb" gefunden; Objekt wird verknüpft, als ob keine Debuginformationen vorhanden wären.
allegro_monolith-static.lib(ogl_fbo.obj) : warning LNK4099: PDB "allegro_monolith.pdb" wurde nicht mit "allegro_monolith-static.lib(ogl_fbo.obj)" oder an "F:\Documents\C++\CppProjects\Visual Studio 2019\TechnicalSketcher-Allegro\x64\Debug\allegro_monolith.pdb" gefunden; Objekt wird verknüpft, als ob keine Debuginformationen vorhanden wären.
allegro_monolith-static.lib(ogl_lock.obj) : warning LNK4099: PDB "allegro_monolith.pdb" wurde nicht mit "allegro_monolith-static.lib(ogl_lock.obj)" oder an "F:\Documents\C++\CppProjects\Visual Studio 2019\TechnicalSketcher-Allegro\x64\Debug\allegro_monolith.pdb" gefunden; Objekt wird verknüpft, als ob keine Debuginformationen vorhanden wären.
allegro_monolith-static.lib(ogl_render_state.obj) : warning LNK4099: PDB "allegro_monolith.pdb" wurde nicht mit "allegro_monolith-static.lib(ogl_render_state.obj)" oder an "F:\Documents\C++\CppProjects\Visual Studio 2019\TechnicalSketcher-Allegro\x64\Debug\allegro_monolith.pdb" gefunden; Objekt wird verknüpft, als ob keine Debuginformationen vorhanden wären.
allegro_monolith-static.lib(ogl_shader.obj) : warning LNK4099: PDB "allegro_monolith.pdb" wurde nicht mit "allegro_monolith-static.lib(ogl_shader.obj)" oder an "F:\Documents\C++\CppProjects\Visual Studio 2019\TechnicalSketcher-Allegro\x64\Debug\allegro_monolith.pdb" gefunden; Objekt wird verknüpft, als ob keine Debuginformationen vorhanden wären.
allegro_monolith-static.lib(wgl_disp.obj) : warning LNK4099: PDB "allegro_monolith.pdb" wurde nicht mit "allegro_monolith-static.lib(wgl_disp.obj)" oder an "F:\Documents\C++\CppProjects\Visual Studio 2019\TechnicalSketcher-Allegro\x64\Debug\allegro_monolith.pdb" gefunden; Objekt wird verknüpft, als ob keine Debuginformationen vorhanden wären.
allegro_monolith-static.lib(high_primitives.obj) : warning LNK4099: PDB "allegro_monolith.pdb" wurde nicht mit "allegro_monolith-static.lib(high_primitives.obj)" oder an "F:\Documents\C++\CppProjects\Visual Studio 2019\TechnicalSketcher-Allegro\x64\Debug\allegro_monolith.pdb" gefunden; Objekt wird verknüpft, als ob keine Debuginformationen vorhanden wären.
allegro_monolith-static.lib(line_soft.obj) : warning LNK4099: PDB "allegro_monolith.pdb" wurde nicht mit "allegro_monolith-static.lib(line_soft.obj)" oder an "F:\Documents\C++\CppProjects\Visual Studio 2019\TechnicalSketcher-Allegro\x64\Debug\allegro_monolith.pdb" gefunden; Objekt wird verknüpft, als ob keine Debuginformationen vorhanden wären.
allegro_monolith-static.lib(point_soft.obj) : warning LNK4099: PDB "allegro_monolith.pdb" wurde nicht mit "allegro_monolith-static.lib(point_soft.obj)" oder an "F:\Documents\C++\CppProjects\Visual Studio 2019\TechnicalSketcher-Allegro\x64\Debug\allegro_monolith.pdb" gefunden; Objekt wird verknüpft, als ob keine Debuginformationen vorhanden wären.
allegro_monolith-static.lib(prim_directx.obj) : warning LNK4099: PDB "allegro_monolith.pdb" wurde nicht mit "allegro_monolith-static.lib(prim_directx.obj)" oder an "F:\Documents\C++\CppProjects\Visual Studio 2019\TechnicalSketcher-Allegro\x64\Debug\allegro_monolith.pdb" gefunden; Objekt wird verknüpft, als ob keine Debuginformationen vorhanden wären.
allegro_monolith-static.lib(prim_opengl.obj) : warning LNK4099: PDB "allegro_monolith.pdb" wurde nicht mit "allegro_monolith-static.lib(prim_opengl.obj)" oder an "F:\Documents\C++\CppProjects\Visual Studio 2019\TechnicalSketcher-Allegro\x64\Debug\allegro_monolith.pdb" gefunden; Objekt wird verknüpft, als ob keine Debuginformationen vorhanden wären.
allegro_monolith-static.lib(prim_soft.obj) : warning LNK4099: PDB "allegro_monolith.pdb" wurde nicht mit "allegro_monolith-static.lib(prim_soft.obj)" oder an "F:\Documents\C++\CppProjects\Visual Studio 2019\TechnicalSketcher-Allegro\x64\Debug\allegro_monolith.pdb" gefunden; Objekt wird verknüpft, als ob keine Debuginformationen vorhanden wären.
allegro_monolith-static.lib(primitives.obj) : warning LNK4099: PDB "allegro_monolith.pdb" wurde nicht mit "allegro_monolith-static.lib(primitives.obj)" oder an "F:\Documents\C++\CppProjects\Visual Studio 2019\TechnicalSketcher-Allegro\x64\Debug\allegro_monolith.pdb" gefunden; Objekt wird verknüpft, als ob keine Debuginformationen vorhanden wären.
allegro_monolith-static.lib(directx_shaders.obj) : warning LNK4099: PDB "allegro_monolith.pdb" wurde nicht mit "allegro_monolith-static.lib(directx_shaders.obj)" oder an "F:\Documents\C++\CppProjects\Visual Studio 2019\TechnicalSketcher-Allegro\x64\Debug\allegro_monolith.pdb" gefunden; Objekt wird verknüpft, als ob keine Debuginformationen vorhanden wären.
allegro_monolith-static.lib(bmp.obj) : warning LNK4099: PDB "allegro_monolith.pdb" wurde nicht mit "allegro_monolith-static.lib(bmp.obj)" oder an "F:\Documents\C++\CppProjects\Visual Studio 2019\TechnicalSketcher-Allegro\x64\Debug\allegro_monolith.pdb" gefunden; Objekt wird verknüpft, als ob keine Debuginformationen vorhanden wären.
allegro_monolith-static.lib(iio.obj) : warning LNK4099: PDB "allegro_monolith.pdb" wurde nicht mit "allegro_monolith-static.lib(iio.obj)" oder an "F:\Documents\C++\CppProjects\Visual Studio 2019\TechnicalSketcher-Allegro\x64\Debug\allegro_monolith.pdb" gefunden; Objekt wird verknüpft, als ob keine Debuginformationen vorhanden wären.
allegro_monolith-static.lib(pcx.obj) : warning LNK4099: PDB "allegro_monolith.pdb" wurde nicht mit "allegro_monolith-static.lib(pcx.obj)" oder an "F:\Documents\C++\CppProjects\Visual Studio 2019\TechnicalSketcher-Allegro\x64\Debug\allegro_monolith.pdb" gefunden; Objekt wird verknüpft, als ob keine Debuginformationen vorhanden wären.
allegro_monolith-static.lib(tga.obj) : warning LNK4099: PDB "allegro_monolith.pdb" wurde nicht mit "allegro_monolith-static.lib(tga.obj)" oder an "F:\Documents\C++\CppProjects\Visual Studio 2019\TechnicalSketcher-Allegro\x64\Debug\allegro_monolith.pdb" gefunden; Objekt wird verknüpft, als ob keine Debuginformationen vorhanden wären.
allegro_monolith-static.lib(dds.obj) : warning LNK4099: PDB "allegro_monolith.pdb" wurde nicht mit "allegro_monolith-static.lib(dds.obj)" oder an "F:\Documents\C++\CppProjects\Visual Studio 2019\TechnicalSketcher-Allegro\x64\Debug\allegro_monolith.pdb" gefunden; Objekt wird verknüpft, als ob keine Debuginformationen vorhanden wären.
allegro_monolith-static.lib(identify.obj) : warning LNK4099: PDB "allegro_monolith.pdb" wurde nicht mit "allegro_monolith-static.lib(identify.obj)" oder an "F:\Documents\C++\CppProjects\Visual Studio 2019\TechnicalSketcher-Allegro\x64\Debug\allegro_monolith.pdb" gefunden; Objekt wird verknüpft, als ob keine Debuginformationen vorhanden wären.
allegro_monolith-static.lib(png.obj) : warning LNK4099: PDB "allegro_monolith.pdb" wurde nicht mit "allegro_monolith-static.lib(png.obj)" oder an "F:\Documents\C++\CppProjects\Visual Studio 2019\TechnicalSketcher-Allegro\x64\Debug\allegro_monolith.pdb" gefunden; Objekt wird verknüpft, als ob keine Debuginformationen vorhanden wären.
allegro_monolith-static.lib(jpg.obj) : warning LNK4099: PDB "allegro_monolith.pdb" wurde nicht mit "allegro_monolith-static.lib(jpg.obj)" oder an "F:\Documents\C++\CppProjects\Visual Studio 2019\TechnicalSketcher-Allegro\x64\Debug\allegro_monolith.pdb" gefunden; Objekt wird verknüpft, als ob keine Debuginformationen vorhanden wären.
allegro_monolith-static.lib(webp.obj) : warning LNK4099: PDB "allegro_monolith.pdb" wurde nicht mit "allegro_monolith-static.lib(webp.obj)" oder an "F:\Documents\C++\CppProjects\Visual Studio 2019\TechnicalSketcher-Allegro\x64\Debug\allegro_monolith.pdb" gefunden; Objekt wird verknüpft, als ob keine Debuginformationen vorhanden wären.
allegro_monolith-static.lib(font.obj) : warning LNK4099: PDB "allegro_monolith.pdb" wurde nicht mit "allegro_monolith-static.lib(font.obj)" oder an "F:\Documents\C++\CppProjects\Visual Studio 2019\TechnicalSketcher-Allegro\x64\Debug\allegro_monolith.pdb" gefunden; Objekt wird verknüpft, als ob keine Debuginformationen vorhanden wären.
allegro_monolith-static.lib(fontbmp.obj) : warning LNK4099: PDB "allegro_monolith.pdb" wurde nicht mit "allegro_monolith-static.lib(fontbmp.obj)" oder an "F:\Documents\C++\CppProjects\Visual Studio 2019\TechnicalSketcher-Allegro\x64\Debug\allegro_monolith.pdb" gefunden; Objekt wird verknüpft, als ob keine Debuginformationen vorhanden wären.
allegro_monolith-static.lib(text.obj) : warning LNK4099: PDB "allegro_monolith.pdb" wurde nicht mit "allegro_monolith-static.lib(text.obj)" oder an "F:\Documents\C++\CppProjects\Visual Studio 2019\TechnicalSketcher-Allegro\x64\Debug\allegro_monolith.pdb" gefunden; Objekt wird verknüpft, als ob keine Debuginformationen vorhanden wären.
allegro_monolith-static.lib(bmfont.obj) : warning LNK4099: PDB "allegro_monolith.pdb" wurde nicht mit "allegro_monolith-static.lib(bmfont.obj)" oder an "F:\Documents\C++\CppProjects\Visual Studio 2019\TechnicalSketcher-Allegro\x64\Debug\allegro_monolith.pdb" gefunden; Objekt wird verknüpft, als ob keine Debuginformationen vorhanden wären.
allegro_monolith-static.lib(xml.obj) : warning LNK4099: PDB "allegro_monolith.pdb" wurde nicht mit "allegro_monolith-static.lib(xml.obj)" oder an "F:\Documents\C++\CppProjects\Visual Studio 2019\TechnicalSketcher-Allegro\x64\Debug\allegro_monolith.pdb" gefunden; Objekt wird verknüpft, als ob keine Debuginformationen vorhanden wären.
allegro_monolith-static.lib(ttf.obj) : warning LNK4099: PDB "allegro_monolith.pdb" wurde nicht mit "allegro_monolith-static.lib(ttf.obj)" oder an "F:\Documents\C++\CppProjects\Visual Studio 2019\TechnicalSketcher-Allegro\x64\Debug\allegro_monolith.pdb" gefunden; Objekt wird verknüpft, als ob keine Debuginformationen vorhanden wären.
allegro_monolith-static.lib(dialog.obj) : warning LNK4099: PDB "allegro_monolith.pdb" wurde nicht mit "allegro_monolith-static.lib(dialog.obj)" oder an "F:\Documents\C++\CppProjects\Visual Studio 2019\TechnicalSketcher-Allegro\x64\Debug\allegro_monolith.pdb" gefunden; Objekt wird verknüpft, als ob keine Debuginformationen vorhanden wären.
allegro_monolith-static.lib(menu.obj) : warning LNK4099: PDB "allegro_monolith.pdb" wurde nicht mit "allegro_monolith-static.lib(menu.obj)" oder an "F:\Documents\C++\CppProjects\Visual Studio 2019\TechnicalSketcher-Allegro\x64\Debug\allegro_monolith.pdb" gefunden; Objekt wird verknüpft, als ob keine Debuginformationen vorhanden wären.
allegro_monolith-static.lib(win_dialog.obj) : warning LNK4099: PDB "allegro_monolith.pdb" wurde nicht mit "allegro_monolith-static.lib(win_dialog.obj)" oder an "F:\Documents\C++\CppProjects\Visual Studio 2019\TechnicalSketcher-Allegro\x64\Debug\allegro_monolith.pdb" gefunden; Objekt wird verknüpft, als ob keine Debuginformationen vorhanden wären.
jpeg.lib(jcapimin.obj) : warning LNK4099: PDB "jpeg-static.pdb" wurde nicht mit "jpeg.lib(jcapimin.obj)" oder an "F:\Documents\C++\CppProjects\Visual Studio 2019\TechnicalSketcher-Allegro\x64\Debug\jpeg-static.pdb" gefunden; Objekt wird verknüpft, als ob keine Debuginformationen vorhanden wären.
jpeg.lib(jcapistd.obj) : warning LNK4099: PDB "jpeg-static.pdb" wurde nicht mit "jpeg.lib(jcapistd.obj)" oder an "F:\Documents\C++\CppProjects\Visual Studio 2019\TechnicalSketcher-Allegro\x64\Debug\jpeg-static.pdb" gefunden; Objekt wird verknüpft, als ob keine Debuginformationen vorhanden wären.
jpeg.lib(jccoefct.obj) : warning LNK4099: PDB "jpeg-static.pdb" wurde nicht mit "jpeg.lib(jccoefct.obj)" oder an "F:\Documents\C++\CppProjects\Visual Studio 2019\TechnicalSketcher-Allegro\x64\Debug\jpeg-static.pdb" gefunden; Objekt wird verknüpft, als ob keine Debuginformationen vorhanden wären.
jpeg.lib(jccolor.obj) : warning LNK4099: PDB "jpeg-static.pdb" wurde nicht mit "jpeg.lib(jccolor.obj)" oder an "F:\Documents\C++\CppProjects\Visual Studio 2019\TechnicalSketcher-Allegro\x64\Debug\jpeg-static.pdb" gefunden; Objekt wird verknüpft, als ob keine Debuginformationen vorhanden wären.
jpeg.lib(jcdctmgr.obj) : warning LNK4099: PDB "" wurde nicht mit "jpeg.lib(jcdctmgr.obj)" oder an "" gefunden; Objekt wird verknüpft, als ob keine Debuginformationen vorhanden wären.
jpeg.lib(jchuff.obj) : warning LNK4099: PDB "jpeg-static.pdb" wurde nicht mit "jpeg.lib(jchuff.obj)" oder an "F:\Documents\C++\CppProjects\Visual Studio 2019\TechnicalSketcher-Allegro\x64\Debug\jpeg-static.pdb" gefunden; Objekt wird verknüpft, als ob keine Debuginformationen vorhanden wären.
jpeg.lib(jcinit.obj) : warning LNK4099: PDB "" wurde nicht mit "jpeg.lib(jcinit.obj)" oder an "" gefunden; Objekt wird verknüpft, als ob keine Debuginformationen vorhanden wären.
jpeg.lib(jcmainct.obj) : warning LNK4099: PDB "" wurde nicht mit "jpeg.lib(jcmainct.obj)" oder an "" gefunden; Objekt wird verknüpft, als ob keine Debuginformationen vorhanden wären.
jpeg.lib(jcmarker.obj) : warning LNK4099: PDB "" wurde nicht mit "jpeg.lib(jcmarker.obj)" oder an "" gefunden; Objekt wird verknüpft, als ob keine Debuginformationen vorhanden wären.
jpeg.lib(jcmaster.obj) : warning LNK4099: PDB "" wurde nicht mit "jpeg.lib(jcmaster.obj)" oder an "" gefunden; Objekt wird verknüpft, als ob keine Debuginformationen vorhanden wären.
jpeg.lib(jcomapi.obj) : warning LNK4099: PDB "" wurde nicht mit "jpeg.lib(jcomapi.obj)" oder an "" gefunden; Objekt wird verknüpft, als ob keine Debuginformationen vorhanden wären.
jpeg.lib(jcparam.obj) : warning LNK4099: PDB "" wurde nicht mit "jpeg.lib(jcparam.obj)" oder an "" gefunden; Objekt wird verknüpft, als ob keine Debuginformationen vorhanden wären.
jpeg.lib(jcphuff.obj) : warning LNK4099: PDB "" wurde nicht mit "jpeg.lib(jcphuff.obj)" oder an "" gefunden; Objekt wird verknüpft, als ob keine Debuginformationen vorhanden wären.
jpeg.lib(jcprepct.obj) : warning LNK4099: PDB "jpeg-static.pdb" wurde nicht mit "jpeg.lib(jcprepct.obj)" oder an "F:\Documents\C++\CppProjects\Visual Studio 2019\TechnicalSketcher-Allegro\x64\Debug\jpeg-static.pdb" gefunden; Objekt wird verknüpft, als ob keine Debuginformationen vorhanden wären.
jpeg.lib(jcsample.obj) : warning LNK4099: PDB "" wurde nicht mit "jpeg.lib(jcsample.obj)" oder an "" gefunden; Objekt wird verknüpft, als ob keine Debuginformationen vorhanden wären.
jpeg.lib(jdapimin.obj) : warning LNK4099: PDB "" wurde nicht mit "jpeg.lib(jdapimin.obj)" oder an "" gefunden; Objekt wird verknüpft, als ob keine Debuginformationen vorhanden wären.
jpeg.lib(jdapistd.obj) : warning LNK4099: PDB "jpeg-static.pdb" wurde nicht mit "jpeg.lib(jdapistd.obj)" oder an "F:\Documents\C++\CppProjects\Visual Studio 2019\TechnicalSketcher-Allegro\x64\Debug\jpeg-static.pdb" gefunden; Objekt wird verknüpft, als ob keine Debuginformationen vorhanden wären.
jpeg.lib(jdcoefct.obj) : warning LNK4099: PDB "" wurde nicht mit "jpeg.lib(jdcoefct.obj)" oder an "" gefunden; Objekt wird verknüpft, als ob keine Debuginformationen vorhanden wären.
jpeg.lib(jdcolor.obj) : warning LNK4099: PDB "" wurde nicht mit "jpeg.lib(jdcolor.obj)" oder an "" gefunden; Objekt wird verknüpft, als ob keine Debuginformationen vorhanden wären.
jpeg.lib(jddctmgr.obj) : warning LNK4099: PDB "jpeg-static.pdb" wurde nicht mit "jpeg.lib(jddctmgr.obj)" oder an "F:\Documents\C++\CppProjects\Visual Studio 2019\TechnicalSketcher-Allegro\x64\Debug\jpeg-static.pdb" gefunden; Objekt wird verknüpft, als ob keine Debuginformationen vorhanden wären.
jpeg.lib(jdhuff.obj) : warning LNK4099: PDB "jpeg-static.pdb" wurde nicht mit "jpeg.lib(jdhuff.obj)" oder an "F:\Documents\C++\CppProjects\Visual Studio 2019\TechnicalSketcher-Allegro\x64\Debug\jpeg-static.pdb" gefunden; Objekt wird verknüpft, als ob keine Debuginformationen vorhanden wären.
jpeg.lib(jdinput.obj) : warning LNK4099: PDB "" wurde nicht mit "jpeg.lib(jdinput.obj)" oder an "" gefunden; Objekt wird verknüpft, als ob keine Debuginformationen vorhanden wären.
jpeg.lib(jdmainct.obj) : warning LNK4099: PDB "jpeg-static.pdb" wurde nicht mit "jpeg.lib(jdmainct.obj)" oder an "F:\Documents\C++\CppProjects\Visual Studio 2019\TechnicalSketcher-Allegro\x64\Debug\jpeg-static.pdb" gefunden; Objekt wird verknüpft, als ob keine Debuginformationen vorhanden wären.
jpeg.lib(jdmarker.obj) : warning LNK4099: PDB "" wurde nicht mit "jpeg.lib(jdmarker.obj)" oder an "" gefunden; Objekt wird verknüpft, als ob keine Debuginformationen vorhanden wären.
jpeg.lib(jdmaster.obj) : warning LNK4099: PDB "jpeg-static.pdb" wurde nicht mit "jpeg.lib(jdmaster.obj)" oder an "F:\Documents\C++\CppProjects\Visual Studio 2019\TechnicalSketcher-Allegro\x64\Debug\jpeg-static.pdb" gefunden; Objekt wird verknüpft, als ob keine Debuginformationen vorhanden wären.
jpeg.lib(jdmerge.obj) : warning LNK4099: PDB "jpeg-static.pdb" wurde nicht mit "jpeg.lib(jdmerge.obj)" oder an "F:\Documents\C++\CppProjects\Visual Studio 2019\TechnicalSketcher-Allegro\x64\Debug\jpeg-static.pdb" gefunden; Objekt wird verknüpft, als ob keine Debuginformationen vorhanden wären.
jpeg.lib(jdphuff.obj) : warning LNK4099: PDB "" wurde nicht mit "jpeg.lib(jdphuff.obj)" oder an "" gefunden; Objekt wird verknüpft, als ob keine Debuginformationen vorhanden wären.
jpeg.lib(jdpostct.obj) : warning LNK4099: PDB "" wurde nicht mit "jpeg.lib(jdpostct.obj)" oder an "" gefunden; Objekt wird verknüpft, als ob keine Debuginformationen vorhanden wären.
jpeg.lib(jdsample.obj) : warning LNK4099: PDB "" wurde nicht mit "jpeg.lib(jdsample.obj)" oder an "" gefunden; Objekt wird verknüpft, als ob keine Debuginformationen vorhanden wären.
jpeg.lib(jerror.obj) : warning LNK4099: PDB "" wurde nicht mit "jpeg.lib(jerror.obj)" oder an "" gefunden; Objekt wird verknüpft, als ob keine Debuginformationen vorhanden wären.
jpeg.lib(jfdctflt.obj) : warning LNK4099: PDB "" wurde nicht mit "jpeg.lib(jfdctflt.obj)" oder an "" gefunden; Objekt wird verknüpft, als ob keine Debuginformationen vorhanden wären.
jpeg.lib(jfdctfst.obj) : warning LNK4099: PDB "jpeg-static.pdb" wurde nicht mit "jpeg.lib(jfdctfst.obj)" oder an "F:\Documents\C++\CppProjects\Visual Studio 2019\TechnicalSketcher-Allegro\x64\Debug\jpeg-static.pdb" gefunden; Objekt wird verknüpft, als ob keine Debuginformationen vorhanden wären.
jpeg.lib(jfdctint.obj) : warning LNK4099: PDB "" wurde nicht mit "jpeg.lib(jfdctint.obj)" oder an "" gefunden; Objekt wird verknüpft, als ob keine Debuginformationen vorhanden wären.
jpeg.lib(jidctflt.obj) : warning LNK4099: PDB "jpeg-static.pdb" wurde nicht mit "jpeg.lib(jidctflt.obj)" oder an "F:\Documents\C++\CppProjects\Visual Studio 2019\TechnicalSketcher-Allegro\x64\Debug\jpeg-static.pdb" gefunden; Objekt wird verknüpft, als ob keine Debuginformationen vorhanden wären.
jpeg.lib(jidctfst.obj) : warning LNK4099: PDB "jpeg-static.pdb" wurde nicht mit "jpeg.lib(jidctfst.obj)" oder an "F:\Documents\C++\CppProjects\Visual Studio 2019\TechnicalSketcher-Allegro\x64\Debug\jpeg-static.pdb" gefunden; Objekt wird verknüpft, als ob keine Debuginformationen vorhanden wären.
jpeg.lib(jidctint.obj) : warning LNK4099: PDB "jpeg-static.pdb" wurde nicht mit "jpeg.lib(jidctint.obj)" oder an "F:\Documents\C++\CppProjects\Visual Studio 2019\TechnicalSketcher-Allegro\x64\Debug\jpeg-static.pdb" gefunden; Objekt wird verknüpft, als ob keine Debuginformationen vorhanden wären.
jpeg.lib(jidctred.obj) : warning LNK4099: PDB "jpeg-static.pdb" wurde nicht mit "jpeg.lib(jidctred.obj)" oder an "F:\Documents\C++\CppProjects\Visual Studio 2019\TechnicalSketcher-Allegro\x64\Debug\jpeg-static.pdb" gefunden; Objekt wird verknüpft, als ob keine Debuginformationen vorhanden wären.
jpeg.lib(jquant1.obj) : warning LNK4099: PDB "jpeg-static.pdb" wurde nicht mit "jpeg.lib(jquant1.obj)" oder an "F:\Documents\C++\CppProjects\Visual Studio 2019\TechnicalSketcher-Allegro\x64\Debug\jpeg-static.pdb" gefunden; Objekt wird verknüpft, als ob keine Debuginformationen vorhanden wären.
jpeg.lib(jquant2.obj) : warning LNK4099: PDB "jpeg-static.pdb" wurde nicht mit "jpeg.lib(jquant2.obj)" oder an "F:\Documents\C++\CppProjects\Visual Studio 2019\TechnicalSketcher-Allegro\x64\Debug\jpeg-static.pdb" gefunden; Objekt wird verknüpft, als ob keine Debuginformationen vorhanden wären.
jpeg.lib(jutils.obj) : warning LNK4099: PDB "jpeg-static.pdb" wurde nicht mit "jpeg.lib(jutils.obj)" oder an "F:\Documents\C++\CppProjects\Visual Studio 2019\TechnicalSketcher-Allegro\x64\Debug\jpeg-static.pdb" gefunden; Objekt wird verknüpft, als ob keine Debuginformationen vorhanden wären.
jpeg.lib(jmemmgr.obj) : warning LNK4099: PDB "jpeg-static.pdb" wurde nicht mit "jpeg.lib(jmemmgr.obj)" oder an "F:\Documents\C++\CppProjects\Visual Studio 2019\TechnicalSketcher-Allegro\x64\Debug\jpeg-static.pdb" gefunden; Objekt wird verknüpft, als ob keine Debuginformationen vorhanden wären.
jpeg.lib(jmemnobs.obj) : warning LNK4099: PDB "jpeg-static.pdb" wurde nicht mit "jpeg.lib(jmemnobs.obj)" oder an "F:\Documents\C++\CppProjects\Visual Studio 2019\TechnicalSketcher-Allegro\x64\Debug\jpeg-static.pdb" gefunden; Objekt wird verknüpft, als ob keine Debuginformationen vorhanden wären.
jpeg.lib(jaricom.obj) : warning LNK4099: PDB "jpeg-static.pdb" wurde nicht mit "jpeg.lib(jaricom.obj)" oder an "F:\Documents\C++\CppProjects\Visual Studio 2019\TechnicalSketcher-Allegro\x64\Debug\jpeg-static.pdb" gefunden; Objekt wird verknüpft, als ob keine Debuginformationen vorhanden wären.
jpeg.lib(jcarith.obj) : warning LNK4099: PDB "jpeg-static.pdb" wurde nicht mit "jpeg.lib(jcarith.obj)" oder an "F:\Documents\C++\CppProjects\Visual Studio 2019\TechnicalSketcher-Allegro\x64\Debug\jpeg-static.pdb" gefunden; Objekt wird verknüpft, als ob keine Debuginformationen vorhanden wären.
jpeg.lib(jdarith.obj) : warning LNK4099: PDB "jpeg-static.pdb" wurde nicht mit "jpeg.lib(jdarith.obj)" oder an "F:\Documents\C++\CppProjects\Visual Studio 2019\TechnicalSketcher-Allegro\x64\Debug\jpeg-static.pdb" gefunden; Objekt wird verknüpft, als ob keine Debuginformationen vorhanden wären.
jpeg.lib(jsimd.obj) : warning LNK4099: PDB "simd.pdb" wurde nicht mit "jpeg.lib(jsimd.obj)" oder an "F:\Documents\C++\CppProjects\Visual Studio 2019\TechnicalSketcher-Allegro\x64\Debug\simd.pdb" gefunden; Objekt wird verknüpft, als ob keine Debuginformationen vorhanden wären.
libpng16.lib(png.obj) : warning LNK4099: PDB "png_static.pdb" wurde nicht mit "libpng16.lib(png.obj)" oder an "F:\Documents\C++\CppProjects\Visual Studio 2019\TechnicalSketcher-Allegro\x64\Debug\png_static.pdb" gefunden; Objekt wird verknüpft, als ob keine Debuginformationen vorhanden wären.
libpng16.lib(pngerror.obj) : warning LNK4099: PDB "png_static.pdb" wurde nicht mit "libpng16.lib(pngerror.obj)" oder an "F:\Documents\C++\CppProjects\Visual Studio 2019\TechnicalSketcher-Allegro\x64\Debug\png_static.pdb" gefunden; Objekt wird verknüpft, als ob keine Debuginformationen vorhanden wären.
libpng16.lib(pngget.obj) : warning LNK4099: PDB "png_static.pdb" wurde nicht mit "libpng16.lib(pngget.obj)" oder an "F:\Documents\C++\CppProjects\Visual Studio 2019\TechnicalSketcher-Allegro\x64\Debug\png_static.pdb" gefunden; Objekt wird verknüpft, als ob keine Debuginformationen vorhanden wären.
libpng16.lib(pngmem.obj) : warning LNK4099: PDB "png_static.pdb" wurde nicht mit "libpng16.lib(pngmem.obj)" oder an "F:\Documents\C++\CppProjects\Visual Studio 2019\TechnicalSketcher-Allegro\x64\Debug\png_static.pdb" gefunden; Objekt wird verknüpft, als ob keine Debuginformationen vorhanden wären.
libpng16.lib(pngread.obj) : warning LNK4099: PDB "png_static.pdb" wurde nicht mit "libpng16.lib(pngread.obj)" oder an "F:\Documents\C++\CppProjects\Visual Studio 2019\TechnicalSketcher-Allegro\x64\Debug\png_static.pdb" gefunden; Objekt wird verknüpft, als ob keine Debuginformationen vorhanden wären.
libpng16.lib(pngrio.obj) : warning LNK4099: PDB "png_static.pdb" wurde nicht mit "libpng16.lib(pngrio.obj)" oder an "F:\Documents\C++\CppProjects\Visual Studio 2019\TechnicalSketcher-Allegro\x64\Debug\png_static.pdb" gefunden; Objekt wird verknüpft, als ob keine Debuginformationen vorhanden wären.
libpng16.lib(pngrtran.obj) : warning LNK4099: PDB "" wurde nicht mit "libpng16.lib(pngrtran.obj)" oder an "" gefunden; Objekt wird verknüpft, als ob keine Debuginformationen vorhanden wären.
libpng16.lib(pngrutil.obj) : warning LNK4099: PDB "" wurde nicht mit "libpng16.lib(pngrutil.obj)" oder an "" gefunden; Objekt wird verknüpft, als ob keine Debuginformationen vorhanden wären.
libpng16.lib(pngset.obj) : warning LNK4099: PDB "" wurde nicht mit "libpng16.lib(pngset.obj)" oder an "" gefunden; Objekt wird verknüpft, als ob keine Debuginformationen vorhanden wären.
libpng16.lib(pngtrans.obj) : warning LNK4099: PDB "png_static.pdb" wurde nicht mit "libpng16.lib(pngtrans.obj)" oder an "F:\Documents\C++\CppProjects\Visual Studio 2019\TechnicalSketcher-Allegro\x64\Debug\png_static.pdb" gefunden; Objekt wird verknüpft, als ob keine Debuginformationen vorhanden wären.
libpng16.lib(pngwio.obj) : warning LNK4099: PDB "" wurde nicht mit "libpng16.lib(pngwio.obj)" oder an "" gefunden; Objekt wird verknüpft, als ob keine Debuginformationen vorhanden wären.
libpng16.lib(pngwrite.obj) : warning LNK4099: PDB "" wurde nicht mit "libpng16.lib(pngwrite.obj)" oder an "" gefunden; Objekt wird verknüpft, als ob keine Debuginformationen vorhanden wären.
libpng16.lib(pngwtran.obj) : warning LNK4099: PDB "" wurde nicht mit "libpng16.lib(pngwtran.obj)" oder an "" gefunden; Objekt wird verknüpft, als ob keine Debuginformationen vorhanden wären.
libpng16.lib(pngwutil.obj) : warning LNK4099: PDB "" wurde nicht mit "libpng16.lib(pngwutil.obj)" oder an "" gefunden; Objekt wird verknüpft, als ob keine Debuginformationen vorhanden wären.
zlib.lib(adler32.obj) : warning LNK4099: PDB "" wurde nicht mit "zlib.lib(adler32.obj)" oder an "" gefunden; Objekt wird verknüpft, als ob keine Debuginformationen vorhanden wären.
zlib.lib(crc32.obj) : warning LNK4099: PDB "" wurde nicht mit "zlib.lib(crc32.obj)" oder an "" gefunden; Objekt wird verknüpft, als ob keine Debuginformationen vorhanden wären.
zlib.lib(deflate.obj) : warning LNK4099: PDB "" wurde nicht mit "zlib.lib(deflate.obj)" oder an "" gefunden; Objekt wird verknüpft, als ob keine Debuginformationen vorhanden wären.
zlib.lib(inflate.obj) : warning LNK4099: PDB "" wurde nicht mit "zlib.lib(inflate.obj)" oder an "" gefunden; Objekt wird verknüpft, als ob keine Debuginformationen vorhanden wären.
zlib.lib(inftrees.obj) : warning LNK4099: PDB "" wurde nicht mit "zlib.lib(inftrees.obj)" oder an "" gefunden; Objekt wird verknüpft, als ob keine Debuginformationen vorhanden wären.
zlib.lib(inffast.obj) : warning LNK4099: PDB "" wurde nicht mit "zlib.lib(inffast.obj)" oder an "" gefunden; Objekt wird verknüpft, als ob keine Debuginformationen vorhanden wären.
zlib.lib(trees.obj) : warning LNK4099: PDB "" wurde nicht mit "zlib.lib(trees.obj)" oder an "" gefunden; Objekt wird verknüpft, als ob keine Debuginformationen vorhanden wären.
zlib.lib(zutil.obj) : warning LNK4099: PDB "zlib.pdb" wurde nicht mit "zlib.lib(zutil.obj)" oder an "F:\Documents\C++\CppProjects\Visual Studio 2019\TechnicalSketcher-Allegro\x64\Debug\zlib.pdb" gefunden; Objekt wird verknüpft, als ob keine Debuginformationen vorhanden wären.
webp.lib(alpha_dec.obj) : warning LNK4099: PDB "" wurde nicht mit "webp.lib(alpha_dec.obj)" oder an "" gefunden; Objekt wird verknüpft, als ob keine Debuginformationen vorhanden wären.
webp.lib(buffer_dec.obj) : warning LNK4099: PDB "" wurde nicht mit "webp.lib(buffer_dec.obj)" oder an "" gefunden; Objekt wird verknüpft, als ob keine Debuginformationen vorhanden wären.
webp.lib(frame_dec.obj) : warning LNK4099: PDB "webpdecode.pdb" wurde nicht mit "webp.lib(frame_dec.obj)" oder an "F:\Documents\C++\CppProjects\Visual Studio 2019\TechnicalSketcher-Allegro\x64\Debug\webpdecode.pdb" gefunden; Objekt wird verknüpft, als ob keine Debuginformationen vorhanden wären.
webp.lib(io_dec.obj) : warning LNK4099: PDB "webpdecode.pdb" wurde nicht mit "webp.lib(io_dec.obj)" oder an "F:\Documents\C++\CppProjects\Visual Studio 2019\TechnicalSketcher-Allegro\x64\Debug\webpdecode.pdb" gefunden; Objekt wird verknüpft, als ob keine Debuginformationen vorhanden wären.
webp.lib(quant_dec.obj) : warning LNK4099: PDB "" wurde nicht mit "webp.lib(quant_dec.obj)" oder an "" gefunden; Objekt wird verknüpft, als ob keine Debuginformationen vorhanden wären.
webp.lib(tree_dec.obj) : warning LNK4099: PDB "webpdecode.pdb" wurde nicht mit "webp.lib(tree_dec.obj)" oder an "F:\Documents\C++\CppProjects\Visual Studio 2019\TechnicalSketcher-Allegro\x64\Debug\webpdecode.pdb" gefunden; Objekt wird verknüpft, als ob keine Debuginformationen vorhanden wären.
webp.lib(vp8_dec.obj) : warning LNK4099: PDB "" wurde nicht mit "webp.lib(vp8_dec.obj)" oder an "" gefunden; Objekt wird verknüpft, als ob keine Debuginformationen vorhanden wären.
webp.lib(vp8l_dec.obj) : warning LNK4099: PDB "webpdecode.pdb" wurde nicht mit "webp.lib(vp8l_dec.obj)" oder an "F:\Documents\C++\CppProjects\Visual Studio 2019\TechnicalSketcher-Allegro\x64\Debug\webpdecode.pdb" gefunden; Objekt wird verknüpft, als ob keine Debuginformationen vorhanden wären.
webp.lib(webp_dec.obj) : warning LNK4099: PDB "" wurde nicht mit "webp.lib(webp_dec.obj)" oder an "" gefunden; Objekt wird verknüpft, als ob keine Debuginformationen vorhanden wären.
webp.lib(alpha_processing.obj) : warning LNK4099: PDB "webpdsp.pdb" wurde nicht mit "webp.lib(alpha_processing.obj)" oder an "F:\Documents\C++\CppProjects\Visual Studio 2019\TechnicalSketcher-Allegro\x64\Debug\webpdsp.pdb" gefunden; Objekt wird verknüpft, als ob keine Debuginformationen vorhanden wären.
webp.lib(cpu.obj) : warning LNK4099: PDB "" wurde nicht mit "webp.lib(cpu.obj)" oder an "" gefunden; Objekt wird verknüpft, als ob keine Debuginformationen vorhanden wären.
webp.lib(dec.obj) : warning LNK4099: PDB "webpdsp.pdb" wurde nicht mit "webp.lib(dec.obj)" oder an "F:\Documents\C++\CppProjects\Visual Studio 2019\TechnicalSketcher-Allegro\x64\Debug\webpdsp.pdb" gefunden; Objekt wird verknüpft, als ob keine Debuginformationen vorhanden wären.
webp.lib(dec_clip_tables.obj) : warning LNK4099: PDB "webpdsp.pdb" wurde nicht mit "webp.lib(dec_clip_tables.obj)" oder an "F:\Documents\C++\CppProjects\Visual Studio 2019\TechnicalSketcher-Allegro\x64\Debug\webpdsp.pdb" gefunden; Objekt wird verknüpft, als ob keine Debuginformationen vorhanden wären.
webp.lib(filters.obj) : warning LNK4099: PDB "webpdsp.pdb" wurde nicht mit "webp.lib(filters.obj)" oder an "F:\Documents\C++\CppProjects\Visual Studio 2019\TechnicalSketcher-Allegro\x64\Debug\webpdsp.pdb" gefunden; Objekt wird verknüpft, als ob keine Debuginformationen vorhanden wären.
webp.lib(lossless.obj) : warning LNK4099: PDB "" wurde nicht mit "webp.lib(lossless.obj)" oder an "" gefunden; Objekt wird verknüpft, als ob keine Debuginformationen vorhanden wären.
webp.lib(rescaler.obj) : warning LNK4099: PDB "webpdsp.pdb" wurde nicht mit "webp.lib(rescaler.obj)" oder an "F:\Documents\C++\CppProjects\Visual Studio 2019\TechnicalSketcher-Allegro\x64\Debug\webpdsp.pdb" gefunden; Objekt wird verknüpft, als ob keine Debuginformationen vorhanden wären.
webp.lib(upsampling.obj) : warning LNK4099: PDB "" wurde nicht mit "webp.lib(upsampling.obj)" oder an "" gefunden; Objekt wird verknüpft, als ob keine Debuginformationen vorhanden wären.
webp.lib(yuv.obj) : warning LNK4099: PDB "webpdsp.pdb" wurde nicht mit "webp.lib(yuv.obj)" oder an "F:\Documents\C++\CppProjects\Visual Studio 2019\TechnicalSketcher-Allegro\x64\Debug\webpdsp.pdb" gefunden; Objekt wird verknüpft, als ob keine Debuginformationen vorhanden wären.
webp.lib(alpha_processing_sse41.obj) : warning LNK4099: PDB "webpdsp.pdb" wurde nicht mit "webp.lib(alpha_processing_sse41.obj)" oder an "F:\Documents\C++\CppProjects\Visual Studio 2019\TechnicalSketcher-Allegro\x64\Debug\webpdsp.pdb" gefunden; Objekt wird verknüpft, als ob keine Debuginformationen vorhanden wären.
webp.lib(dec_sse41.obj) : warning LNK4099: PDB "webpdsp.pdb" wurde nicht mit "webp.lib(dec_sse41.obj)" oder an "F:\Documents\C++\CppProjects\Visual Studio 2019\TechnicalSketcher-Allegro\x64\Debug\webpdsp.pdb" gefunden; Objekt wird verknüpft, als ob keine Debuginformationen vorhanden wären.
webp.lib(upsampling_sse41.obj) : warning LNK4099: PDB "" wurde nicht mit "webp.lib(upsampling_sse41.obj)" oder an "" gefunden; Objekt wird verknüpft, als ob keine Debuginformationen vorhanden wären.
webp.lib(yuv_sse41.obj) : warning LNK4099: PDB "webpdsp.pdb" wurde nicht mit "webp.lib(yuv_sse41.obj)" oder an "F:\Documents\C++\CppProjects\Visual Studio 2019\TechnicalSketcher-Allegro\x64\Debug\webpdsp.pdb" gefunden; Objekt wird verknüpft, als ob keine Debuginformationen vorhanden wären.
webp.lib(alpha_processing_sse2.obj) : warning LNK4099: PDB "" wurde nicht mit "webp.lib(alpha_processing_sse2.obj)" oder an "" gefunden; Objekt wird verknüpft, als ob keine Debuginformationen vorhanden wären.
webp.lib(dec_sse2.obj) : warning LNK4099: PDB "webpdsp.pdb" wurde nicht mit "webp.lib(dec_sse2.obj)" oder an "F:\Documents\C++\CppProjects\Visual Studio 2019\TechnicalSketcher-Allegro\x64\Debug\webpdsp.pdb" gefunden; Objekt wird verknüpft, als ob keine Debuginformationen vorhanden wären.
webp.lib(filters_sse2.obj) : warning LNK4099: PDB "" wurde nicht mit "webp.lib(filters_sse2.obj)" oder an "" gefunden; Objekt wird verknüpft, als ob keine Debuginformationen vorhanden wären.
webp.lib(lossless_sse2.obj) : warning LNK4099: PDB "webpdsp.pdb" wurde nicht mit "webp.lib(lossless_sse2.obj)" oder an "F:\Documents\C++\CppProjects\Visual Studio 2019\TechnicalSketcher-Allegro\x64\Debug\webpdsp.pdb" gefunden; Objekt wird verknüpft, als ob keine Debuginformationen vorhanden wären.
webp.lib(rescaler_sse2.obj) : warning LNK4099: PDB "webpdsp.pdb" wurde nicht mit "webp.lib(rescaler_sse2.obj)" oder an "F:\Documents\C++\CppProjects\Visual Studio 2019\TechnicalSketcher-Allegro\x64\Debug\webpdsp.pdb" gefunden; Objekt wird verknüpft, als ob keine Debuginformationen vorhanden wären.
webp.lib(upsampling_sse2.obj) : warning LNK4099: PDB "webpdsp.pdb" wurde nicht mit "webp.lib(upsampling_sse2.obj)" oder an "F:\Documents\C++\CppProjects\Visual Studio 2019\TechnicalSketcher-Allegro\x64\Debug\webpdsp.pdb" gefunden; Objekt wird verknüpft, als ob keine Debuginformationen vorhanden wären.
webp.lib(yuv_sse2.obj) : warning LNK4099: PDB "" wurde nicht mit "webp.lib(yuv_sse2.obj)" oder an "" gefunden; Objekt wird verknüpft, als ob keine Debuginformationen vorhanden wären.
webp.lib(cost.obj) : warning LNK4099: PDB "webpdsp.pdb" wurde nicht mit "webp.lib(cost.obj)" oder an "F:\Documents\C++\CppProjects\Visual Studio 2019\TechnicalSketcher-Allegro\x64\Debug\webpdsp.pdb" gefunden; Objekt wird verknüpft, als ob keine Debuginformationen vorhanden wären.
webp.lib(enc.obj) : warning LNK4099: PDB "" wurde nicht mit "webp.lib(enc.obj)" oder an "" gefunden; Objekt wird verknüpft, als ob keine Debuginformationen vorhanden wären.
webp.lib(lossless_enc.obj) : warning LNK4099: PDB "webpdsp.pdb" wurde nicht mit "webp.lib(lossless_enc.obj)" oder an "F:\Documents\C++\CppProjects\Visual Studio 2019\TechnicalSketcher-Allegro\x64\Debug\webpdsp.pdb" gefunden; Objekt wird verknüpft, als ob keine Debuginformationen vorhanden wären.
webp.lib(ssim.obj) : warning LNK4099: PDB "webpdsp.pdb" wurde nicht mit "webp.lib(ssim.obj)" oder an "F:\Documents\C++\CppProjects\Visual Studio 2019\TechnicalSketcher-Allegro\x64\Debug\webpdsp.pdb" gefunden; Objekt wird verknüpft, als ob keine Debuginformationen vorhanden wären.
webp.lib(cost_sse2.obj) : warning LNK4099: PDB "webpdsp.pdb" wurde nicht mit "webp.lib(cost_sse2.obj)" oder an "F:\Documents\C++\CppProjects\Visual Studio 2019\TechnicalSketcher-Allegro\x64\Debug\webpdsp.pdb" gefunden; Objekt wird verknüpft, als ob keine Debuginformationen vorhanden wären.
webp.lib(enc_sse2.obj) : warning LNK4099: PDB "" wurde nicht mit "webp.lib(enc_sse2.obj)" oder an "" gefunden; Objekt wird verknüpft, als ob keine Debuginformationen vorhanden wären.
webp.lib(lossless_enc_sse2.obj) : warning LNK4099: PDB "webpdsp.pdb" wurde nicht mit "webp.lib(lossless_enc_sse2.obj)" oder an "F:\Documents\C++\CppProjects\Visual Studio 2019\TechnicalSketcher-Allegro\x64\Debug\webpdsp.pdb" gefunden; Objekt wird verknüpft, als ob keine Debuginformationen vorhanden wären.
webp.lib(ssim_sse2.obj) : warning LNK4099: PDB "webpdsp.pdb" wurde nicht mit "webp.lib(ssim_sse2.obj)" oder an "F:\Documents\C++\CppProjects\Visual Studio 2019\TechnicalSketcher-Allegro\x64\Debug\webpdsp.pdb" gefunden; Objekt wird verknüpft, als ob keine Debuginformationen vorhanden wären.
webp.lib(enc_sse41.obj) : warning LNK4099: PDB "webpdsp.pdb" wurde nicht mit "webp.lib(enc_sse41.obj)" oder an "F:\Documents\C++\CppProjects\Visual Studio 2019\TechnicalSketcher-Allegro\x64\Debug\webpdsp.pdb" gefunden; Objekt wird verknüpft, als ob keine Debuginformationen vorhanden wären.
webp.lib(lossless_enc_sse41.obj) : warning LNK4099: PDB "" wurde nicht mit "webp.lib(lossless_enc_sse41.obj)" oder an "" gefunden; Objekt wird verknüpft, als ob keine Debuginformationen vorhanden wären.
webp.lib(alpha_enc.obj) : warning LNK4099: PDB "webpencode.pdb" wurde nicht mit "webp.lib(alpha_enc.obj)" oder an "F:\Documents\C++\CppProjects\Visual Studio 2019\TechnicalSketcher-Allegro\x64\Debug\webpencode.pdb" gefunden; Objekt wird verknüpft, als ob keine Debuginformationen vorhanden wären.
webp.lib(analysis_enc.obj) : warning LNK4099: PDB "" wurde nicht mit "webp.lib(analysis_enc.obj)" oder an "" gefunden; Objekt wird verknüpft, als ob keine Debuginformationen vorhanden wären.
webp.lib(backward_references_cost_enc.obj) : warning LNK4099: PDB "webpencode.pdb" wurde nicht mit "webp.lib(backward_references_cost_enc.obj)" oder an "F:\Documents\C++\CppProjects\Visual Studio 2019\TechnicalSketcher-Allegro\x64\Debug\webpencode.pdb" gefunden; Objekt wird verknüpft, als ob keine Debuginformationen vorhanden wären.
webp.lib(backward_references_enc.obj) : warning LNK4099: PDB "webpencode.pdb" wurde nicht mit "webp.lib(backward_references_enc.obj)" oder an "F:\Documents\C++\CppProjects\Visual Studio 2019\TechnicalSketcher-Allegro\x64\Debug\webpencode.pdb" gefunden; Objekt wird verknüpft, als ob keine Debuginformationen vorhanden wären.
webp.lib(config_enc.obj) : warning LNK4099: PDB "webpencode.pdb" wurde nicht mit "webp.lib(config_enc.obj)" oder an "F:\Documents\C++\CppProjects\Visual Studio 2019\TechnicalSketcher-Allegro\x64\Debug\webpencode.pdb" gefunden; Objekt wird verknüpft, als ob keine Debuginformationen vorhanden wären.
webp.lib(cost_enc.obj) : warning LNK4099: PDB "" wurde nicht mit "webp.lib(cost_enc.obj)" oder an "" gefunden; Objekt wird verknüpft, als ob keine Debuginformationen vorhanden wären.
webp.lib(filter_enc.obj) : warning LNK4099: PDB "webpencode.pdb" wurde nicht mit "webp.lib(filter_enc.obj)" oder an "F:\Documents\C++\CppProjects\Visual Studio 2019\TechnicalSketcher-Allegro\x64\Debug\webpencode.pdb" gefunden; Objekt wird verknüpft, als ob keine Debuginformationen vorhanden wären.
webp.lib(frame_enc.obj) : warning LNK4099: PDB "" wurde nicht mit "webp.lib(frame_enc.obj)" oder an "" gefunden; Objekt wird verknüpft, als ob keine Debuginformationen vorhanden wären.
webp.lib(histogram_enc.obj) : warning LNK4099: PDB "webpencode.pdb" wurde nicht mit "webp.lib(histogram_enc.obj)" oder an "F:\Documents\C++\CppProjects\Visual Studio 2019\TechnicalSketcher-Allegro\x64\Debug\webpencode.pdb" gefunden; Objekt wird verknüpft, als ob keine Debuginformationen vorhanden wären.
webp.lib(iterator_enc.obj) : warning LNK4099: PDB "" wurde nicht mit "webp.lib(iterator_enc.obj)" oder an "" gefunden; Objekt wird verknüpft, als ob keine Debuginformationen vorhanden wären.
webp.lib(near_lossless_enc.obj) : warning LNK4099: PDB "webpencode.pdb" wurde nicht mit "webp.lib(near_lossless_enc.obj)" oder an "F:\Documents\C++\CppProjects\Visual Studio 2019\TechnicalSketcher-Allegro\x64\Debug\webpencode.pdb" gefunden; Objekt wird verknüpft, als ob keine Debuginformationen vorhanden wären.
webp.lib(picture_enc.obj) : warning LNK4099: PDB "" wurde nicht mit "webp.lib(picture_enc.obj)" oder an "" gefunden; Objekt wird verknüpft, als ob keine Debuginformationen vorhanden wären.
webp.lib(picture_csp_enc.obj) : warning LNK4099: PDB "webpencode.pdb" wurde nicht mit "webp.lib(picture_csp_enc.obj)" oder an "F:\Documents\C++\CppProjects\Visual Studio 2019\TechnicalSketcher-Allegro\x64\Debug\webpencode.pdb" gefunden; Objekt wird verknüpft, als ob keine Debuginformationen vorhanden wären.
webp.lib(picture_tools_enc.obj) : warning LNK4099: PDB "" wurde nicht mit "webp.lib(picture_tools_enc.obj)" oder an "" gefunden; Objekt wird verknüpft, als ob keine Debuginformationen vorhanden wären.
webp.lib(predictor_enc.obj) : warning LNK4099: PDB "webpencode.pdb" wurde nicht mit "webp.lib(predictor_enc.obj)" oder an "F:\Documents\C++\CppProjects\Visual Studio 2019\TechnicalSketcher-Allegro\x64\Debug\webpencode.pdb" gefunden; Objekt wird verknüpft, als ob keine Debuginformationen vorhanden wären.
webp.lib(quant_enc.obj) : warning LNK4099: PDB "" wurde nicht mit "webp.lib(quant_enc.obj)" oder an "" gefunden; Objekt wird verknüpft, als ob keine Debuginformationen vorhanden wären.
webp.lib(syntax_enc.obj) : warning LNK4099: PDB "webpencode.pdb" wurde nicht mit "webp.lib(syntax_enc.obj)" oder an "F:\Documents\C++\CppProjects\Visual Studio 2019\TechnicalSketcher-Allegro\x64\Debug\webpencode.pdb" gefunden; Objekt wird verknüpft, als ob keine Debuginformationen vorhanden wären.
webp.lib(token_enc.obj) : warning LNK4099: PDB "" wurde nicht mit "webp.lib(token_enc.obj)" oder an "" gefunden; Objekt wird verknüpft, als ob keine Debuginformationen vorhanden wären.
webp.lib(tree_enc.obj) : warning LNK4099: PDB "webpencode.pdb" wurde nicht mit "webp.lib(tree_enc.obj)" oder an "F:\Documents\C++\CppProjects\Visual Studio 2019\TechnicalSketcher-Allegro\x64\Debug\webpencode.pdb" gefunden; Objekt wird verknüpft, als ob keine Debuginformationen vorhanden wären.
webp.lib(vp8l_enc.obj) : warning LNK4099: PDB "" wurde nicht mit "webp.lib(vp8l_enc.obj)" oder an "" gefunden; Objekt wird verknüpft, als ob keine Debuginformationen vorhanden wären.
webp.lib(webp_enc.obj) : warning LNK4099: PDB "webpencode.pdb" wurde nicht mit "webp.lib(webp_enc.obj)" oder an "F:\Documents\C++\CppProjects\Visual Studio 2019\TechnicalSketcher-Allegro\x64\Debug\webpencode.pdb" gefunden; Objekt wird verknüpft, als ob keine Debuginformationen vorhanden wären.
webp.lib(bit_reader_utils.obj) : warning LNK4099: PDB "" wurde nicht mit "webp.lib(bit_reader_utils.obj)" oder an "" gefunden; Objekt wird verknüpft, als ob keine Debuginformationen vorhanden wären.
webp.lib(color_cache_utils.obj) : warning LNK4099: PDB "webputils.pdb" wurde nicht mit "webp.lib(color_cache_utils.obj)" oder an "F:\Documents\C++\CppProjects\Visual Studio 2019\TechnicalSketcher-Allegro\x64\Debug\webputils.pdb" gefunden; Objekt wird verknüpft, als ob keine Debuginformationen vorhanden wären.
webp.lib(filters_utils.obj) : warning LNK4099: PDB "webputils.pdb" wurde nicht mit "webp.lib(filters_utils.obj)" oder an "F:\Documents\C++\CppProjects\Visual Studio 2019\TechnicalSketcher-Allegro\x64\Debug\webputils.pdb" gefunden; Objekt wird verknüpft, als ob keine Debuginformationen vorhanden wären.
webp.lib(huffman_utils.obj) : warning LNK4099: PDB "webputils.pdb" wurde nicht mit "webp.lib(huffman_utils.obj)" oder an "F:\Documents\C++\CppProjects\Visual Studio 2019\TechnicalSketcher-Allegro\x64\Debug\webputils.pdb" gefunden; Objekt wird verknüpft, als ob keine Debuginformationen vorhanden wären.
webp.lib(quant_levels_dec_utils.obj) : warning LNK4099: PDB "" wurde nicht mit "webp.lib(quant_levels_dec_utils.obj)" oder an "" gefunden; Objekt wird verknüpft, als ob keine Debuginformationen vorhanden wären.
webp.lib(rescaler_utils.obj) : warning LNK4099: PDB "webputils.pdb" wurde nicht mit "webp.lib(rescaler_utils.obj)" oder an "F:\Documents\C++\CppProjects\Visual Studio 2019\TechnicalSketcher-Allegro\x64\Debug\webputils.pdb" gefunden; Objekt wird verknüpft, als ob keine Debuginformationen vorhanden wären.
webp.lib(random_utils.obj) : warning LNK4099: PDB "" wurde nicht mit "webp.lib(random_utils.obj)" oder an "" gefunden; Objekt wird verknüpft, als ob keine Debuginformationen vorhanden wären.
webp.lib(thread_utils.obj) : warning LNK4099: PDB "webputils.pdb" wurde nicht mit "webp.lib(thread_utils.obj)" oder an "F:\Documents\C++\CppProjects\Visual Studio 2019\TechnicalSketcher-Allegro\x64\Debug\webputils.pdb" gefunden; Objekt wird verknüpft, als ob keine Debuginformationen vorhanden wären.
webp.lib(utils.obj) : warning LNK4099: PDB "" wurde nicht mit "webp.lib(utils.obj)" oder an "" gefunden; Objekt wird verknüpft, als ob keine Debuginformationen vorhanden wären.
webp.lib(bit_writer_utils.obj) : warning LNK4099: PDB "webputils.pdb" wurde nicht mit "webp.lib(bit_writer_utils.obj)" oder an "F:\Documents\C++\CppProjects\Visual Studio 2019\TechnicalSketcher-Allegro\x64\Debug\webputils.pdb" gefunden; Objekt wird verknüpft, als ob keine Debuginformationen vorhanden wären.
webp.lib(huffman_encode_utils.obj) : warning LNK4099: PDB "webputils.pdb" wurde nicht mit "webp.lib(huffman_encode_utils.obj)" oder an "F:\Documents\C++\CppProjects\Visual Studio 2019\TechnicalSketcher-Allegro\x64\Debug\webputils.pdb" gefunden; Objekt wird verknüpft, als ob keine Debuginformationen vorhanden wären.
webp.lib(quant_levels_utils.obj) : warning LNK4099: PDB "webputils.pdb" wurde nicht mit "webp.lib(quant_levels_utils.obj)" oder an "F:\Documents\C++\CppProjects\Visual Studio 2019\TechnicalSketcher-Allegro\x64\Debug\webputils.pdb" gefunden; Objekt wird verknüpft, als ob keine Debuginformationen vorhanden wären.
freetype.lib(autofit.obj) : warning LNK4099: PDB "freetype.pdb" wurde nicht mit "freetype.lib(autofit.obj)" oder an "F:\Documents\C++\CppProjects\Visual Studio 2019\TechnicalSketcher-Allegro\x64\Debug\freetype.pdb" gefunden; Objekt wird verknüpft, als ob keine Debuginformationen vorhanden wären.
freetype.lib(ftbase.obj) : warning LNK4099: PDB "freetype.pdb" wurde nicht mit "freetype.lib(ftbase.obj)" oder an "F:\Documents\C++\CppProjects\Visual Studio 2019\TechnicalSketcher-Allegro\x64\Debug\freetype.pdb" gefunden; Objekt wird verknüpft, als ob keine Debuginformationen vorhanden wären.
freetype.lib(ftbitmap.obj) : warning LNK4099: PDB "" wurde nicht mit "freetype.lib(ftbitmap.obj)" oder an "" gefunden; Objekt wird verknüpft, als ob keine Debuginformationen vorhanden wären.
freetype.lib(ftinit.obj) : warning LNK4099: PDB "freetype.pdb" wurde nicht mit "freetype.lib(ftinit.obj)" oder an "F:\Documents\C++\CppProjects\Visual Studio 2019\TechnicalSketcher-Allegro\x64\Debug\freetype.pdb" gefunden; Objekt wird verknüpft, als ob keine Debuginformationen vorhanden wären.
freetype.lib(ftsystem.obj) : warning LNK4099: PDB "" wurde nicht mit "freetype.lib(ftsystem.obj)" oder an "" gefunden; Objekt wird verknüpft, als ob keine Debuginformationen vorhanden wären.
freetype.lib(bdf.obj) : warning LNK4099: PDB "freetype.pdb" wurde nicht mit "freetype.lib(bdf.obj)" oder an "F:\Documents\C++\CppProjects\Visual Studio 2019\TechnicalSketcher-Allegro\x64\Debug\freetype.pdb" gefunden; Objekt wird verknüpft, als ob keine Debuginformationen vorhanden wären.
freetype.lib(cff.obj) : warning LNK4099: PDB "" wurde nicht mit "freetype.lib(cff.obj)" oder an "" gefunden; Objekt wird verknüpft, als ob keine Debuginformationen vorhanden wären.
freetype.lib(type1cid.obj) : warning LNK4099: PDB "freetype.pdb" wurde nicht mit "freetype.lib(type1cid.obj)" oder an "F:\Documents\C++\CppProjects\Visual Studio 2019\TechnicalSketcher-Allegro\x64\Debug\freetype.pdb" gefunden; Objekt wird verknüpft, als ob keine Debuginformationen vorhanden wären.
freetype.lib(ftgzip.obj) : warning LNK4099: PDB "" wurde nicht mit "freetype.lib(ftgzip.obj)" oder an "" gefunden; Objekt wird verknüpft, als ob keine Debuginformationen vorhanden wären.
freetype.lib(ftlzw.obj) : warning LNK4099: PDB "freetype.pdb" wurde nicht mit "freetype.lib(ftlzw.obj)" oder an "F:\Documents\C++\CppProjects\Visual Studio 2019\TechnicalSketcher-Allegro\x64\Debug\freetype.pdb" gefunden; Objekt wird verknüpft, als ob keine Debuginformationen vorhanden wären.
freetype.lib(pcf.obj) : warning LNK4099: PDB "" wurde nicht mit "freetype.lib(pcf.obj)" oder an "" gefunden; Objekt wird verknüpft, als ob keine Debuginformationen vorhanden wären.
freetype.lib(pfr.obj) : warning LNK4099: PDB "freetype.pdb" wurde nicht mit "freetype.lib(pfr.obj)" oder an "F:\Documents\C++\CppProjects\Visual Studio 2019\TechnicalSketcher-Allegro\x64\Debug\freetype.pdb" gefunden; Objekt wird verknüpft, als ob keine Debuginformationen vorhanden wären.
freetype.lib(psaux.obj) : warning LNK4099: PDB "" wurde nicht mit "freetype.lib(psaux.obj)" oder an "" gefunden; Objekt wird verknüpft, als ob keine Debuginformationen vorhanden wären.
freetype.lib(pshinter.obj) : warning LNK4099: PDB "freetype.pdb" wurde nicht mit "freetype.lib(pshinter.obj)" oder an "F:\Documents\C++\CppProjects\Visual Studio 2019\TechnicalSketcher-Allegro\x64\Debug\freetype.pdb" gefunden; Objekt wird verknüpft, als ob keine Debuginformationen vorhanden wären.
freetype.lib(psnames.obj) : warning LNK4099: PDB "" wurde nicht mit "freetype.lib(psnames.obj)" oder an "" gefunden; Objekt wird verknüpft, als ob keine Debuginformationen vorhanden wären.
freetype.lib(raster.obj) : warning LNK4099: PDB "freetype.pdb" wurde nicht mit "freetype.lib(raster.obj)" oder an "F:\Documents\C++\CppProjects\Visual Studio 2019\TechnicalSketcher-Allegro\x64\Debug\freetype.pdb" gefunden; Objekt wird verknüpft, als ob keine Debuginformationen vorhanden wären.
freetype.lib(sfnt.obj) : warning LNK4099: PDB "" wurde nicht mit "freetype.lib(sfnt.obj)" oder an "" gefunden; Objekt wird verknüpft, als ob keine Debuginformationen vorhanden wären.
freetype.lib(smooth.obj) : warning LNK4099: PDB "freetype.pdb" wurde nicht mit "freetype.lib(smooth.obj)" oder an "F:\Documents\C++\CppProjects\Visual Studio 2019\TechnicalSketcher-Allegro\x64\Debug\freetype.pdb" gefunden; Objekt wird verknüpft, als ob keine Debuginformationen vorhanden wären.
freetype.lib(truetype.obj) : warning LNK4099: PDB "" wurde nicht mit "freetype.lib(truetype.obj)" oder an "" gefunden; Objekt wird verknüpft, als ob keine Debuginformationen vorhanden wären.
freetype.lib(type1.obj) : warning LNK4099: PDB "freetype.pdb" wurde nicht mit "freetype.lib(type1.obj)" oder an "F:\Documents\C++\CppProjects\Visual Studio 2019\TechnicalSketcher-Allegro\x64\Debug\freetype.pdb" gefunden; Objekt wird verknüpft, als ob keine Debuginformationen vorhanden wären.
freetype.lib(type42.obj) : warning LNK4099: PDB "" wurde nicht mit "freetype.lib(type42.obj)" oder an "" gefunden; Objekt wird verknüpft, als ob keine Debuginformationen vorhanden wären.
freetype.lib(winfnt.obj) : warning LNK4099: PDB "freetype.pdb" wurde nicht mit "freetype.lib(winfnt.obj)" oder an "F:\Documents\C++\CppProjects\Visual Studio 2019\TechnicalSketcher-Allegro\x64\Debug\freetype.pdb" gefunden; Objekt wird verknüpft, als ob keine Debuginformationen vorhanden wären.
  TechnicalSketcher-Allegro.vcxproj -> F:\Documents\C++\CppProjects\Visual Studio 2019\TechnicalSketcher-Allegro\x64\Debug\TechnicalSketcher-Allegro.exe
