f:\documents\c++\cppprojects\visual studio 2019\technicalsketcher-allegro\technicalsketcher-allegro\x64\debug\vc142.pdb
f:\documents\c++\cppprojects\visual studio 2019\technicalsketcher-allegro\technicalsketcher-allegro\x64\debug\vc142.idb
f:\documents\c++\cppprojects\visual studio 2019\technicalsketcher-allegro\technicalsketcher-allegro\x64\debug\utils.obj
f:\documents\c++\cppprojects\visual studio 2019\technicalsketcher-allegro\technicalsketcher-allegro\x64\debug\technicalsketcher-allegro.obj
f:\documents\c++\cppprojects\visual studio 2019\technicalsketcher-allegro\technicalsketcher-allegro\x64\debug\shape.obj
f:\documents\c++\cppprojects\visual studio 2019\technicalsketcher-allegro\technicalsketcher-allegro\x64\debug\geometry.obj
f:\documents\c++\cppprojects\visual studio 2019\technicalsketcher-allegro\technicalsketcher-allegro\x64\debug\allegroengine.obj
f:\documents\c++\cppprojects\visual studio 2019\technicalsketcher-allegro\technicalsketcher-allegro\x64\debug\mainengine_graphic.obj
f:\documents\c++\cppprojects\visual studio 2019\technicalsketcher-allegro\technicalsketcher-allegro\x64\debug\mainengine_logic.obj
f:\documents\c++\cppprojects\visual studio 2019\technicalsketcher-allegro\technicalsketcher-allegro\x64\debug\mainengine_gui.obj
f:\documents\c++\cppprojects\visual studio 2019\technicalsketcher-allegro\technicalsketcher-allegro\x64\debug\mainengine_events.obj
f:\documents\c++\cppprojects\visual studio 2019\technicalsketcher-allegro\technicalsketcher-allegro\x64\debug\layerarray.obj
f:\documents\c++\cppprojects\visual studio 2019\technicalsketcher-allegro\technicalsketcher-allegro\x64\debug\mainengine.obj
f:\documents\c++\cppprojects\visual studio 2019\technicalsketcher-allegro\technicalsketcher-allegro\x64\debug\math_geometry.obj
f:\documents\c++\cppprojects\visual studio 2019\technicalsketcher-allegro\technicalsketcher-allegro\x64\debug\mainengine_fonts.obj
f:\documents\c++\cppprojects\visual studio 2019\technicalsketcher-allegro\technicalsketcher-allegro\x64\debug\application_graphic.obj
f:\documents\c++\cppprojects\visual studio 2019\technicalsketcher-allegro\technicalsketcher-allegro\x64\debug\application_logic.obj
f:\documents\c++\cppprojects\visual studio 2019\technicalsketcher-allegro\technicalsketcher-allegro\x64\debug\application_gui.obj
f:\documents\c++\cppprojects\visual studio 2019\technicalsketcher-allegro\technicalsketcher-allegro\x64\debug\application_events.obj
f:\documents\c++\cppprojects\visual studio 2019\technicalsketcher-allegro\technicalsketcher-allegro\x64\debug\application.obj
f:\documents\c++\cppprojects\visual studio 2019\technicalsketcher-allegro\technicalsketcher-allegro\x64\debug\application_fonts.obj
f:\documents\c++\cppprojects\visual studio 2019\technicalsketcher-allegro\technicalsketcher-allegro\x64\debug\main.obj
f:\documents\c++\cppprojects\visual studio 2019\technicalsketcher-allegro\technicalsketcher-allegro\x64\debug\fonts.obj
f:\documents\c++\cppprojects\visual studio 2019\technicalsketcher-allegro\technicalsketcher-allegro\x64\debug\layerlist.obj
f:\documents\c++\cppprojects\visual studio 2019\technicalsketcher-allegro\technicalsketcher-allegro\x64\debug\application_files.obj
f:\documents\c++\cppprojects\visual studio 2019\technicalsketcher-allegro\technicalsketcher-allegro\x64\debug\sketchfile.obj
f:\documents\c++\cppprojects\visual studio 2019\technicalsketcher-allegro\technicalsketcher-allegro\x64\debug\shapeselector.obj
f:\documents\c++\cppprojects\visual studio 2019\technicalsketcher-allegro\technicalsketcher-allegro\x64\debug\imgui_widgets.obj
f:\documents\c++\cppprojects\visual studio 2019\technicalsketcher-allegro\technicalsketcher-allegro\x64\debug\imgui_draw.obj
f:\documents\c++\cppprojects\visual studio 2019\technicalsketcher-allegro\technicalsketcher-allegro\x64\debug\imgui_demo.obj
f:\documents\c++\cppprojects\visual studio 2019\technicalsketcher-allegro\technicalsketcher-allegro\x64\debug\imgui.obj
f:\documents\c++\cppprojects\visual studio 2019\technicalsketcher-allegro\technicalsketcher-allegro\x64\debug\imgui_impl_allegro5.obj
f:\documents\c++\cppprojects\visual studio 2019\technicalsketcher-allegro\technicalsketcher-allegro\x64\debug\technicalsketcher-allegro.pch
f:\documents\c++\cppprojects\visual studio 2019\technicalsketcher-allegro\technicalsketcher-allegro\x64\debug\pch.obj
f:\documents\c++\cppprojects\visual studio 2019\technicalsketcher-allegro\x64\debug\technicalsketcher-allegro.exe
f:\documents\c++\cppprojects\visual studio 2019\technicalsketcher-allegro\x64\debug\technicalsketcher-allegro.ilk
f:\documents\c++\cppprojects\visual studio 2019\technicalsketcher-allegro\x64\debug\technicalsketcher-allegro.pdb
f:\documents\c++\cppprojects\visual studio 2019\technicalsketcher-allegro\technicalsketcher-allegro\x64\debug\commonfiledialogapp.obj
f:\documents\c++\cppprojects\visual studio 2019\technicalsketcher-allegro\technicalsketcher-allegro\x64\debug\technica.9970a034.tlog\cl.command.1.tlog
f:\documents\c++\cppprojects\visual studio 2019\technicalsketcher-allegro\technicalsketcher-allegro\x64\debug\technica.9970a034.tlog\cl.read.1.tlog
f:\documents\c++\cppprojects\visual studio 2019\technicalsketcher-allegro\technicalsketcher-allegro\x64\debug\technica.9970a034.tlog\cl.write.1.tlog
f:\documents\c++\cppprojects\visual studio 2019\technicalsketcher-allegro\technicalsketcher-allegro\x64\debug\technica.9970a034.tlog\link.command.1.tlog
f:\documents\c++\cppprojects\visual studio 2019\technicalsketcher-allegro\technicalsketcher-allegro\x64\debug\technica.9970a034.tlog\link.read.1.tlog
f:\documents\c++\cppprojects\visual studio 2019\technicalsketcher-allegro\technicalsketcher-allegro\x64\debug\technica.9970a034.tlog\link.write.1.tlog
